"../../../Engine/Plugins/Animation/ACLPlugin/Content/ACLAnimBoneCompressionSettings.uexp" 0
"../../../Engine/Plugins/Animation/ACLPlugin/Content/ACLAnimBoneCompressionSettings.uasset" 1
"../../../Engine/Plugins/Animation/ACLPlugin/Content/ACLAnimCurveCompressionSettings.uasset" 2
"../../../Engine/Plugins/Animation/ACLPlugin/Content/ACLAnimCurveCompressionSettings.uexp" 3
"../../../Engine/Plugins/2D/Paper2D/Content/PlaceholderTextures/DummySpriteTexture.ubulk" 4
"../../../Engine/Plugins/2D/Paper2D/Content/PlaceholderTextures/DummySpriteTexture.uexp" 5
"../../../Engine/Plugins/2D/Paper2D/Content/PlaceholderTextures/DummySpriteTexture.uasset" 6
"../../../Engine/Plugins/2D/Paper2D/Content/DummySprite.uasset" 7
"../../../Engine/Plugins/2D/Paper2D/Content/DummySprite.uexp" 8
"../../../Engine/Plugins/2D/Paper2D/Content/DefaultPaperTerrainMaterial.uexp" 9
"../../../Engine/Plugins/2D/Paper2D/Content/DefaultPaperTerrainMaterial.uasset" 10
"../../../Engine/Content/Animation/DefaultVariableFrameStrippingSettings.uexp" 11
"../../../Engine/Content/Animation/DefaultVariableFrameStrippingSettings.uasset" 12
"../../../Engine/Content/Animation/DefaultRecorderBoneCompression.uexp" 13
"../../../Engine/Content/Animation/DefaultRecorderBoneCompression.uasset" 14
"../../../Engine/Plugins/Animation/ControlRig/Content/Controls/DefaultGizmoLibraryNormalized.uexp" 15
"../../../Engine/Plugins/Animation/ControlRig/Content/Controls/DefaultGizmoLibraryNormalized.uasset" 16
"../../../Engine/Content/EngineSounds/Master.uexp" 17
"../../../Engine/Content/EngineSounds/Master.uasset" 18
"../../../Engine/Content/EngineMaterials/DefaultPhysicalMaterial.uasset" 19
"../../../Engine/Content/EngineMaterials/DefaultPhysicalMaterial.uexp" 20
"../../../Engine/Content/EngineMaterials/DefaultDestructiblePhysicalMaterial.uasset" 21
"../../../Engine/Content/EngineMaterials/DefaultDestructiblePhysicalMaterial.uexp" 22
"../../../Engine/Content/EngineFonts/Faces/RobotoBoldItalic.uasset" 23
"../../../Engine/Content/EngineFonts/Faces/RobotoBoldItalic.uexp" 24
"../../../Engine/Content/EngineFonts/Faces/RobotoBoldItalic.ufont" 25
"../../../Engine/Content/EngineFonts/Faces/RobotoLight.ufont" 26
"../../../Engine/Content/EngineFonts/Faces/RobotoLight.uasset" 27
"../../../Engine/Content/EngineFonts/Faces/RobotoLight.uexp" 28
"../../../Engine/Content/EngineFonts/Faces/DroidSansFallback.uasset" 29
"../../../Engine/Content/EngineFonts/Faces/DroidSansFallback.ufont" 30
"../../../Engine/Content/EngineFonts/Faces/DroidSansFallback.uexp" 31
"../../../Engine/Content/EngineFonts/Faces/RobotoRegular.uasset" 32
"../../../Engine/Content/EngineFonts/Faces/RobotoRegular.uexp" 33
"../../../Engine/Content/EngineFonts/Faces/RobotoRegular.ufont" 34
"../../../Engine/Content/EngineFonts/Faces/RobotoItalic.ufont" 35
"../../../Engine/Content/EngineFonts/Faces/RobotoItalic.uasset" 36
"../../../Engine/Content/EngineFonts/Faces/RobotoItalic.uexp" 37
"../../../Engine/Content/EngineFonts/Faces/RobotoBold.ufont" 38
"../../../Engine/Content/EngineFonts/Faces/RobotoBold.uasset" 39
"../../../Engine/Content/EngineFonts/Faces/RobotoBold.uexp" 40
"../../../Engine/Content/EngineFonts/Roboto.uasset" 41
"../../../Engine/Content/EngineFonts/Roboto.uexp" 42
"../../../Engine/Content/EngineFonts/Faces/DroidSansMono.ufont" 43
"../../../Engine/Content/EngineFonts/Faces/DroidSansMono.uasset" 44
"../../../Engine/Content/EngineFonts/Faces/DroidSansMono.uexp" 45
"../../../Engine/Content/EngineFonts/DroidSansMono.uasset" 46
"../../../Engine/Content/EngineFonts/DroidSansMono.uexp" 47
"../../../Engine/Plugins/Marketplace/RuntimeT72b1f696e862V10/Content/VoiceModels/English_UnitedStates_Kokoro_Adam.uasset" 48
"../../../Engine/Plugins/Marketplace/RuntimeT72b1f696e862V10/Content/VoiceModels/English_UnitedStates_Kokoro_Adam.uexp" 49
"../../../Engine/Plugins/Marketplace/RuntimeT72b1f696e862V10/Content/VoiceModels/Spanish_European_Kokoro_Alex.uexp" 50
"../../../Engine/Plugins/Marketplace/RuntimeT72b1f696e862V10/Content/VoiceModels/Spanish_European_Kokoro_Alex.uasset" 51
"../../../Engine/Plugins/Marketplace/RuntimeT72b1f696e862V10/Content/VoiceModels/Italian_Riccardo_Low.uexp" 52
"../../../Engine/Plugins/Marketplace/RuntimeT72b1f696e862V10/Content/VoiceModels/Italian_Riccardo_Low.uasset" 53
"../../../Engine/Plugins/Marketplace/RuntimeT72b1f696e862V10/Content/VoiceModels/KokoroVoiceModel.uasset" 54
"../../../Engine/Plugins/Marketplace/RuntimeT72b1f696e862V10/Content/VoiceModels/KokoroVoiceModel.uexp" 55
"../../../Engine/Plugins/Marketplace/RuntimeT72b1f696e862V10/Content/Data/RuntimeTTS_LanguageData.uasset" 56
"../../../Engine/Plugins/Marketplace/RuntimeT72b1f696e862V10/Content/Data/RuntimeTTS_LanguageData.uexp" 57
"../../../Engine/Plugins/Marketplace/RuntimeSbb4ceb8c78e5V8/Content/LanguageModels/LanguageModel.uexp" 58
"../../../Engine/Plugins/Marketplace/RuntimeSbb4ceb8c78e5V8/Content/LanguageModels/LanguageModel.uasset" 59
"../../../Engine/Content/EngineResources/GradientTexture0.uexp" 60
"../../../Engine/Content/EngineResources/GradientTexture0.uasset" 61
"../../../Engine/Content/EngineResources/Black.uasset" 62
"../../../Engine/Content/EngineResources/Black.uexp" 63
"../../../Engine/Content/EditorResources/S_Actor.uexp" 64
"../../../Engine/Content/EditorResources/S_Actor.ubulk" 65
"../../../Engine/Content/EditorResources/S_Actor.uasset" 66
"../../../Engine/Content/EditorResources/S_Trigger.uexp" 67
"../../../Engine/Content/EditorResources/S_Trigger.ubulk" 68
"../../../Engine/Content/EditorResources/S_Trigger.uasset" 69
"../../../Engine/Content/EditorResources/S_BoxReflectionCapture.uasset" 70
"../../../Engine/Content/EditorResources/S_BoxReflectionCapture.uexp" 71
"../../../Engine/Content/EngineResources/DefaultTexture.uasset" 72
"../../../Engine/Content/EngineResources/DefaultTexture.uexp" 73
"../../../Engine/Content/EngineResources/DefaultTexture.ubulk" 74
"../../../Engine/Content/EditorResources/S_TriggerBox.uexp" 75
"../../../Engine/Content/EditorResources/S_TriggerBox.uasset" 76
"../../../Engine/Content/EditorResources/S_TriggerCapsule.uexp" 77
"../../../Engine/Content/EditorResources/S_TriggerCapsule.uasset" 78
"../../../Engine/Content/EditorResources/S_TriggerSphere.uasset" 79
"../../../Engine/Content/EditorResources/S_TriggerSphere.uexp" 80
"../../../Engine/Content/EngineMeshes/Sphere.uexp" 81
"../../../Engine/Content/EngineMeshes/Sphere.uasset" 82
"../../../Engine/Content/EngineMaterials/T_Default_Material_Grid_M.uasset" 83
"../../../Engine/Content/EngineMaterials/T_Default_Material_Grid_M.ubulk" 84
"../../../Engine/Content/EngineMaterials/T_Default_Material_Grid_M.uexp" 85
"../../../Engine/Content/Functions/Engine_MaterialFunctions01/Opacity/CameraDepthFade.uexp" 86
"../../../Engine/Content/Functions/Engine_MaterialFunctions01/Opacity/CameraDepthFade.uasset" 87
"../../../Engine/Content/EngineMaterials/T_Default_Material_Grid_N.uasset" 88
"../../../Engine/Content/EngineMaterials/T_Default_Material_Grid_N.uexp" 89
"../../../Engine/Content/EngineMaterials/T_Default_Material_Grid_N.ubulk" 90
"../../../Engine/Content/EngineMaterials/WorldGridMaterial.uexp" 91
"../../../Engine/Content/EngineMaterials/WorldGridMaterial.uasset" 92
"../../../Engine/Plugins/Media/MediaPlate/Content/SM_MediaPlateScreen.uasset" 93
"../../../Engine/Plugins/Media/MediaPlate/Content/SM_MediaPlateScreen.uexp" 94
"../../../Engine/Content/Functions/Engine_MaterialFunctions02/WorldPositionOffset/CameraOffset.uexp" 95
"../../../Engine/Content/Functions/Engine_MaterialFunctions02/WorldPositionOffset/CameraOffset.uasset" 96
"../../../Engine/Plugins/Animation/ControlRig/Content/M_Manip.uasset" 97
"../../../Engine/Plugins/Animation/ControlRig/Content/M_Manip.uexp" 98
"../../../Engine/Content/EditorLandscapeResources/WhiteSquareTexture.uexp" 99
"../../../Engine/Content/EditorLandscapeResources/WhiteSquareTexture.uasset" 100
"../../../Engine/Content/EditorLandscapeResources/LayerVisMaterial.uexp" 101
"../../../Engine/Content/EditorLandscapeResources/LayerVisMaterial.uasset" 102
"../../../Engine/Content/EngineMaterials/DefaultDiffuse.ubulk" 103
"../../../Engine/Content/EngineMaterials/DefaultDiffuse.uexp" 104
"../../../Engine/Content/EngineMaterials/DefaultDiffuse.uasset" 105
"../../../Engine/Content/Functions/Engine_MaterialFunctions01/Texturing/TextureCropping.uasset" 106
"../../../Engine/Content/Functions/Engine_MaterialFunctions01/Texturing/TextureCropping.uexp" 107
"../../../Engine/Content/Functions/Engine_MaterialFunctions02/ExampleContent/DebugNumberStrip.uexp" 108
"../../../Engine/Content/Functions/Engine_MaterialFunctions02/ExampleContent/DebugNumberStrip.uasset" 109
"../../../Engine/Content/Functions/Engine_MaterialFunctions01/Debug/DebugIntValues.uexp" 110
"../../../Engine/Content/Functions/Engine_MaterialFunctions01/Debug/DebugIntValues.uasset" 111
"../../../Engine/Content/Functions/Engine_MaterialFunctions02/Utility/BreakOutFloat2Components.uasset" 112
"../../../Engine/Content/Functions/Engine_MaterialFunctions02/Utility/BreakOutFloat2Components.uexp" 113
"../../../Engine/Content/Functions/Engine_MaterialFunctions01/Texturing/ScaleUVsByCenter.uexp" 114
"../../../Engine/Content/Functions/Engine_MaterialFunctions01/Texturing/ScaleUVsByCenter.uasset" 115
"../../../Engine/Content/Functions/Engine_MaterialFunctions02/WorldPositionOffset/LocalPosition.uexp" 116
"../../../Engine/Content/Functions/Engine_MaterialFunctions02/WorldPositionOffset/LocalPosition.uasset" 117
"../../../Engine/Content/EditorLandscapeResources/LandscapeLayerUsageMaterial.uexp" 118
"../../../Engine/Content/EditorLandscapeResources/LandscapeLayerUsageMaterial.uasset" 119
"../../../Engine/Content/EditorLandscapeResources/SplineEditorMeshMat.uasset" 120
"../../../Engine/Content/EditorLandscapeResources/SplineEditorMeshMat.uexp" 121
"../../../Engine/Content/EditorLandscapeResources/SplineEditorMesh.uasset" 122
"../../../Engine/Content/EditorLandscapeResources/SplineEditorMesh.uexp" 123
"../../../Engine/Content/EditorLandscapeResources/DefaultAlphaTexture.uexp" 124
"../../../Engine/Content/EditorLandscapeResources/DefaultAlphaTexture.uasset" 125
"../../../Engine/Content/EditorLandscapeResources/LandscapeDirtyMaterial.uexp" 126
"../../../Engine/Content/EditorLandscapeResources/LandscapeDirtyMaterial.uasset" 127
"../../../Engine/Content/EngineMaterials/DefaultMaterial.uasset" 128
"../../../Engine/Content/EngineMaterials/DefaultMaterial.uexp" 129
"../../../Engine/Content/BasicShapes/Sphere.uexp" 130
"../../../Engine/Content/BasicShapes/Sphere.uasset" 131
"../../../Engine/Content/BasicShapes/BasicShapeMaterial.uexp" 132
"../../../Engine/Content/BasicShapes/BasicShapeMaterial.uasset" 133
"../../../Engine/Content/BasicShapes/Plane.uasset" 134
"../../../Engine/Content/BasicShapes/Plane.uexp" 135
"../../../Engine/Content/BasicShapes/Cylinder.uasset" 136
"../../../Engine/Content/BasicShapes/Cylinder.uexp" 137
"../../../Engine/Content/BasicShapes/Cube.uasset" 138
"../../../Engine/Content/BasicShapes/Cube.uexp" 139
"../../../Engine/Content/BasicShapes/Cone.uexp" 140
"../../../Engine/Content/BasicShapes/Cone.uasset" 141
"../../../Engine/Plugins/Animation/ControlRig/Content/Controls/ControlRig_Octagon_solid.uexp" 142
"../../../Engine/Plugins/Animation/ControlRig/Content/Controls/ControlRig_Octagon_solid.uasset" 143
"../../../Engine/Plugins/Animation/ControlRig/Content/Controls/ControlRig_Pyramid_solid.uexp" 144
"../../../Engine/Plugins/Animation/ControlRig/Content/Controls/ControlRig_Pyramid_solid.uasset" 145
"../../../Engine/Plugins/Animation/ControlRig/Content/Controls/ControlRig_Wedge_solid.uexp" 146
"../../../Engine/Plugins/Animation/ControlRig/Content/Controls/ControlRig_Wedge_solid.uasset" 147
"../../../Engine/Plugins/Animation/ControlRig/Content/Controls/ControlRig_RoundedSquare_1mm.uexp" 148
"../../../Engine/Plugins/Animation/ControlRig/Content/Controls/ControlRig_RoundedSquare_1mm.uasset" 149
"../../../Engine/Plugins/Animation/ControlRig/Content/Controls/ControlRig_Star4_1mm.uexp" 150
"../../../Engine/Plugins/Animation/ControlRig/Content/Controls/ControlRig_Star4_1mm.uasset" 151
"../../../Engine/Plugins/Animation/ControlRig/Content/Controls/ControlRigXRayMaterial.uexp" 152
"../../../Engine/Plugins/Animation/ControlRig/Content/Controls/ControlRigXRayMaterial.uasset" 153
"../../../Engine/Plugins/Animation/ControlRig/Content/Controls/ControlRig_Hexagon_solid.uexp" 154
"../../../Engine/Plugins/Animation/ControlRig/Content/Controls/ControlRig_Hexagon_solid.uasset" 155
"../../../Engine/Plugins/Animation/ControlRig/Content/Controls/ControlRig_Arrow_solid.uexp" 156
"../../../Engine/Plugins/Animation/ControlRig/Content/Controls/ControlRig_Arrow_solid.uasset" 157
"../../../Engine/Plugins/Animation/ControlRig/Content/Controls/ControlRig_Triangle_3mm.uexp" 158
"../../../Engine/Plugins/Animation/ControlRig/Content/Controls/ControlRig_Triangle_3mm.uasset" 159
"../../../Engine/Plugins/Animation/ControlRig/Content/Controls/ControlRig_Box_solid.uasset" 160
"../../../Engine/Plugins/Animation/ControlRig/Content/Controls/ControlRig_Box_solid.uexp" 161
"../../../Engine/Plugins/Animation/ControlRig/Content/Controls/ControlRig_Wedge_3mm.uasset" 162
"../../../Engine/Plugins/Animation/ControlRig/Content/Controls/ControlRig_Wedge_3mm.uexp" 163
"../../../Engine/Plugins/Animation/ControlRig/Content/Controls/ControlRig_HalfCircle_1mm.uexp" 164
"../../../Engine/Plugins/Animation/ControlRig/Content/Controls/ControlRig_HalfCircle_1mm.uasset" 165
"../../../Engine/Plugins/Animation/ControlRig/Content/Controls/ControlRig_HalfCircle_solid.uexp" 166
"../../../Engine/Plugins/Animation/ControlRig/Content/Controls/ControlRig_HalfCircle_solid.uasset" 167
"../../../Engine/Plugins/Animation/ControlRig/Content/Controls/ControlRig_Arrow2_1mm.uexp" 168
"../../../Engine/Plugins/Animation/ControlRig/Content/Controls/ControlRig_Arrow2_1mm.uasset" 169
"../../../Engine/Plugins/Animation/ControlRig/Content/Controls/ControlRig_Octagon_3mm.uexp" 170
"../../../Engine/Plugins/Animation/ControlRig/Content/Controls/ControlRig_Octagon_3mm.uasset" 171
"../../../Engine/Plugins/Animation/ControlRig/Content/Controls/ControlRig_Box_3mm.uexp" 172
"../../../Engine/Plugins/Animation/ControlRig/Content/Controls/ControlRig_Box_3mm.uasset" 173
"../../../Engine/Plugins/Animation/ControlRig/Content/Controls/ControlRig_Sphere_1mm.uexp" 174
"../../../Engine/Plugins/Animation/ControlRig/Content/Controls/ControlRig_Sphere_1mm.uasset" 175
"../../../Engine/Plugins/Animation/ControlRig/Content/Controls/ControlRig_Pyramid_3mm.uasset" 176
"../../../Engine/Plugins/Animation/ControlRig/Content/Controls/ControlRig_Pyramid_3mm.uexp" 177
"../../../Engine/Plugins/Animation/ControlRig/Content/Controls/ControlRig_QuarterCircle_3mm.uexp" 178
"../../../Engine/Plugins/Animation/ControlRig/Content/Controls/ControlRig_QuarterCircle_3mm.uasset" 179
"../../../Engine/Plugins/Animation/ControlRig/Content/Controls/ControlRig_Circle_1mm.uexp" 180
"../../../Engine/Plugins/Animation/ControlRig/Content/Controls/ControlRig_Circle_1mm.uasset" 181
"../../../Engine/Plugins/Animation/ControlRig/Content/Controls/ControlRig_RoundedTriangle_3mm.uexp" 182
"../../../Engine/Plugins/Animation/ControlRig/Content/Controls/ControlRig_RoundedTriangle_3mm.uasset" 183
"../../../Engine/Plugins/Animation/ControlRig/Content/Controls/ControlRig_Triangle_solid.uasset" 184
"../../../Engine/Plugins/Animation/ControlRig/Content/Controls/ControlRig_Triangle_solid.uexp" 185
"../../../Engine/Plugins/Animation/ControlRig/Content/Controls/ControlRig_Diamond_1mm.uexp" 186
"../../../Engine/Plugins/Animation/ControlRig/Content/Controls/ControlRig_Diamond_1mm.uasset" 187
"../../../Engine/Plugins/Animation/ControlRig/Content/Controls/ControlRig_Arrow2_solid.uexp" 188
"../../../Engine/Plugins/Animation/ControlRig/Content/Controls/ControlRig_Arrow2_solid.uasset" 189
"../../../Engine/Plugins/Animation/ControlRig/Content/Controls/ControlRig_Arrow4_3mm.uasset" 190
"../../../Engine/Plugins/Animation/ControlRig/Content/Controls/ControlRig_Arrow4_3mm.uexp" 191
"../../../Engine/Plugins/Animation/ControlRig/Content/Controls/ControlRig_Hexagon_1mm.uexp" 192
"../../../Engine/Plugins/Animation/ControlRig/Content/Controls/ControlRig_Hexagon_1mm.uasset" 193
"../../../Engine/Plugins/Animation/ControlRig/Content/Controls/ControlRig_QuarterCircle_solid.uasset" 194
"../../../Engine/Plugins/Animation/ControlRig/Content/Controls/ControlRig_QuarterCircle_solid.uexp" 195
"../../../Engine/Plugins/Animation/ControlRig/Content/Controls/ControlRig_Arrow_1mm.uexp" 196
"../../../Engine/Plugins/Animation/ControlRig/Content/Controls/ControlRig_Arrow_1mm.uasset" 197
"../../../Engine/Plugins/Animation/ControlRig/Content/Controls/ControlRig_Square_1mm.uexp" 198
"../../../Engine/Plugins/Animation/ControlRig/Content/Controls/ControlRig_Square_1mm.uasset" 199
"../../../Engine/Plugins/Animation/ControlRig/Content/Controls/ControlRig_Circle_solid.uexp" 200
"../../../Engine/Plugins/Animation/ControlRig/Content/Controls/ControlRig_Circle_solid.uasset" 201
"../../../Engine/Plugins/Animation/ControlRig/Content/Controls/ControlRig_Arrow4_solid.uasset" 202
"../../../Engine/Plugins/Animation/ControlRig/Content/Controls/ControlRig_Arrow4_solid.uexp" 203
"../../../Engine/Plugins/Animation/ControlRig/Content/Controls/ControlRig_RoundedSquare_solid.uexp" 204
"../../../Engine/Plugins/Animation/ControlRig/Content/Controls/ControlRig_RoundedSquare_solid.uasset" 205
"../../../Engine/Plugins/Animation/ControlRig/Content/Controls/ControlRig_Star4_solid.uexp" 206
"../../../Engine/Plugins/Animation/ControlRig/Content/Controls/ControlRig_Star4_solid.uasset" 207
"../../../Engine/Plugins/Animation/ControlRig/Content/Controls/ControlRig_Diamond_solid.uexp" 208
"../../../Engine/Plugins/Animation/ControlRig/Content/Controls/ControlRig_Diamond_solid.uasset" 209
"../../../Engine/Plugins/Animation/ControlRig/Content/Controls/ControlRig_Arrow2_3mm.uasset" 210
"../../../Engine/Plugins/Animation/ControlRig/Content/Controls/ControlRig_Arrow2_3mm.uexp" 211
"../../../Engine/Plugins/Animation/ControlRig/Content/Controls/ControlRig_Box_1mm.uexp" 212
"../../../Engine/Plugins/Animation/ControlRig/Content/Controls/ControlRig_Box_1mm.uasset" 213
"../../../Engine/Plugins/Animation/ControlRig/Content/Controls/ControlRig_Octagon_1mm.uasset" 214
"../../../Engine/Plugins/Animation/ControlRig/Content/Controls/ControlRig_Octagon_1mm.uexp" 215
"../../../Engine/Plugins/Animation/ControlRig/Content/Controls/ControlRig_Sphere_3mm.uexp" 216
"../../../Engine/Plugins/Animation/ControlRig/Content/Controls/ControlRig_Sphere_3mm.uasset" 217
"../../../Engine/Plugins/Animation/ControlRig/Content/Controls/ControlRig_Triangle_1mm.uexp" 218
"../../../Engine/Plugins/Animation/ControlRig/Content/Controls/ControlRig_Triangle_1mm.uasset" 219
"../../../Engine/Plugins/Animation/ControlRig/Content/Controls/ControlRig_RoundedTriangle_solid.uasset" 220
"../../../Engine/Plugins/Animation/ControlRig/Content/Controls/ControlRig_RoundedTriangle_solid.uexp" 221
"../../../Engine/Plugins/Animation/ControlRig/Content/Controls/ControlRig_HalfCircle_3mm.uexp" 222
"../../../Engine/Plugins/Animation/ControlRig/Content/Controls/ControlRig_HalfCircle_3mm.uasset" 223
"../../../Engine/Plugins/Animation/ControlRig/Content/Controls/ControlRig_Wedge_1mm.uasset" 224
"../../../Engine/Plugins/Animation/ControlRig/Content/Controls/ControlRig_Wedge_1mm.uexp" 225
"../../../Engine/Plugins/Animation/ControlRig/Content/Controls/ControlRig_RoundedSquare_3mm.uasset" 226
"../../../Engine/Plugins/Animation/ControlRig/Content/Controls/ControlRig_RoundedSquare_3mm.uexp" 227
"../../../Engine/Plugins/Animation/ControlRig/Content/Controls/ControlRig_Star4_3mm.uexp" 228
"../../../Engine/Plugins/Animation/ControlRig/Content/Controls/ControlRig_Star4_3mm.uasset" 229
"../../../Engine/Plugins/Animation/ControlRig/Content/Controls/ControlRig_Square_3mm.uexp" 230
"../../../Engine/Plugins/Animation/ControlRig/Content/Controls/ControlRig_Square_3mm.uasset" 231
"../../../Engine/Plugins/Animation/ControlRig/Content/Controls/ControlRig_Sphere_solid.uasset" 232
"../../../Engine/Plugins/Animation/ControlRig/Content/Controls/ControlRig_Sphere_solid.uexp" 233
"../../../Engine/Plugins/Animation/ControlRig/Content/Controls/ControlRig_Hexagon_3mm.uasset" 234
"../../../Engine/Plugins/Animation/ControlRig/Content/Controls/ControlRig_Hexagon_3mm.uexp" 235
"../../../Engine/Plugins/Animation/ControlRig/Content/Controls/ControlRig_Arrow_3mm.uasset" 236
"../../../Engine/Plugins/Animation/ControlRig/Content/Controls/ControlRig_Arrow_3mm.uexp" 237
"../../../Engine/Plugins/Animation/ControlRig/Content/Controls/ControlRig_Diamond_3mm.uasset" 238
"../../../Engine/Plugins/Animation/ControlRig/Content/Controls/ControlRig_Diamond_3mm.uexp" 239
"../../../Engine/Plugins/Animation/ControlRig/Content/Controls/ControlRig_Square_solid.uasset" 240
"../../../Engine/Plugins/Animation/ControlRig/Content/Controls/ControlRig_Square_solid.uexp" 241
"../../../Engine/Plugins/Animation/ControlRig/Content/Controls/ControlRig_Arrow4_1mm.uasset" 242
"../../../Engine/Plugins/Animation/ControlRig/Content/Controls/ControlRig_Arrow4_1mm.uexp" 243
"../../../Engine/Plugins/Animation/ControlRig/Content/Controls/ControlRig_Pyramid_1mm.uasset" 244
"../../../Engine/Plugins/Animation/ControlRig/Content/Controls/ControlRig_Pyramid_1mm.uexp" 245
"../../../Engine/Plugins/Animation/ControlRig/Content/Controls/ControlRig_QuarterCircle_1mm.uasset" 246
"../../../Engine/Plugins/Animation/ControlRig/Content/Controls/ControlRig_QuarterCircle_1mm.uexp" 247
"../../../Engine/Plugins/Animation/ControlRig/Content/Controls/ControlRig_Circle_3mm.uasset" 248
"../../../Engine/Plugins/Animation/ControlRig/Content/Controls/ControlRig_Circle_3mm.uexp" 249
"../../../Engine/Plugins/Animation/ControlRig/Content/Controls/ControlRig_RoundedTriangle_1mm.uasset" 250
"../../../Engine/Plugins/Animation/ControlRig/Content/Controls/ControlRig_RoundedTriangle_1mm.uexp" 251
"../../../Engine/Plugins/Animation/ControlRig/Content/Controls/ControlRigGizmoMaterial.uasset" 252
"../../../Engine/Plugins/Animation/ControlRig/Content/Controls/ControlRigGizmoMaterial.uexp" 253
"../../../Engine/Content/EngineMaterials/DefaultWhiteGrid.ubulk" 254
"../../../Engine/Content/EngineMaterials/DefaultWhiteGrid.uexp" 255
"../../../Engine/Content/EngineMaterials/DefaultWhiteGrid.uasset" 256
"../../../Engine/Content/EngineMaterials/MiniFont.uexp" 257
"../../../Engine/Content/EngineMaterials/MiniFont.uasset" 258
"../../../Engine/Content/EngineMaterials/DefaultLightFunctionMaterial.uasset" 259
"../../../Engine/Content/EngineMaterials/DefaultLightFunctionMaterial.uexp" 260
"../../../Engine/Content/EngineMaterials/DefaultBokeh.uexp" 261
"../../../Engine/Content/EngineMaterials/DefaultBokeh.uasset" 262
"../../../Engine/Content/EngineMaterials/WeightMapPlaceholderTexture.uasset" 263
"../../../Engine/Content/EngineMaterials/WeightMapPlaceholderTexture.uexp" 264
"../../../Engine/Content/EngineMaterials/WeightMapArrayPlaceholderTexture.uasset" 265
"../../../Engine/Content/EngineMaterials/WeightMapArrayPlaceholderTexture.uexp" 266
"../../../Engine/Content/EngineMaterials/FastBlueNoise_vec2_128x128x64.uexp" 267
"../../../Engine/Content/EngineMaterials/FastBlueNoise_vec2_128x128x64.uasset" 268
"../../../Engine/Content/EngineMaterials/PreintegratedSkinBRDF.uexp" 269
"../../../Engine/Content/EngineMaterials/PreintegratedSkinBRDF.uasset" 270
"../../../Engine/Content/EngineFonts/RobotoDistanceField.uexp" 271
"../../../Engine/Content/EngineFonts/RobotoDistanceField.uasset" 272
"../../../Engine/Content/EngineMaterials/DefaultTextMaterialOpaque.uexp" 273
"../../../Engine/Content/EngineMaterials/DefaultTextMaterialOpaque.uasset" 274
"../../../Engine/Content/EngineMaterials/InvalidLightmapSettings.ubulk" 275
"../../../Engine/Content/EngineMaterials/InvalidLightmapSettings.uasset" 276
"../../../Engine/Content/EngineMaterials/InvalidLightmapSettings.uexp" 277
"../../../Engine/Content/EngineMaterials/M_InvalidLightmapSettings.uexp" 278
"../../../Engine/Content/EngineMaterials/M_InvalidLightmapSettings.uasset" 279
"../../../Engine/Content/EngineMaterials/FastBlueNoise_scalar_128x128x64.uexp" 280
"../../../Engine/Content/EngineMaterials/FastBlueNoise_scalar_128x128x64.uasset" 281
"../../../Engine/Content/EngineMaterials/BaseFlattenEmissiveMap_VT.uexp" 282
"../../../Engine/Content/EngineMaterials/BaseFlattenEmissiveMap_VT.uasset" 283
"../../../Engine/Content/EngineMaterials/BaseFlattenDiffuseMap_VT.uasset" 284
"../../../Engine/Content/EngineMaterials/BaseFlattenDiffuseMap_VT.uexp" 285
"../../../Engine/Content/EngineMaterials/BaseFlattenLinearColor_VT.uasset" 286
"../../../Engine/Content/EngineMaterials/BaseFlattenLinearColor_VT.uexp" 287
"../../../Engine/Content/EngineMaterials/BaseFlattenGrayscaleMap_VT.uexp" 288
"../../../Engine/Content/EngineMaterials/BaseFlattenGrayscaleMap_VT.uasset" 289
"../../../Engine/Content/EngineMaterials/BaseFlattenNormalMap_VT.uasset" 290
"../../../Engine/Content/EngineMaterials/BaseFlattenNormalMap_VT.uexp" 291
"../../../Engine/Content/EngineMaterials/Black_1x1_EXR_Texture_VT.uasset" 292
"../../../Engine/Content/EngineMaterials/Black_1x1_EXR_Texture_VT.uexp" 293
"../../../Engine/Content/EngineMaterials/FlattenMaterial_VT.uasset" 294
"../../../Engine/Content/EngineMaterials/FlattenMaterial_VT.uexp" 295
"../../../Engine/Content/EngineMaterials/DefaultPostProcessMaterial.uexp" 296
"../../../Engine/Content/EngineMaterials/DefaultPostProcessMaterial.uasset" 297
"../../../Engine/Content/EngineMaterials/DefaultDeferredDecalMaterial.uexp" 298
"../../../Engine/Content/EngineMaterials/DefaultDeferredDecalMaterial.uasset" 299
"../../../Engine/Content/EngineMaterials/RemoveSurfaceMaterial.uasset" 300
"../../../Engine/Content/EngineMaterials/RemoveSurfaceMaterial.uexp" 301
"../../../Engine/Content/EngineMaterials/FlattenMaterial_WS_Normal_VT.uexp" 302
"../../../Engine/Content/EngineMaterials/FlattenMaterial_WS_Normal_VT.uasset" 303
"../../../Engine/Content/EngineMaterials/DefaultBloomKernel.uexp" 304
"../../../Engine/Content/EngineMaterials/DefaultBloomKernel.uasset" 305
"../../../Engine/Content/EngineMaterials/DefaultWhiteGrid_Low.uasset" 306
"../../../Engine/Content/EngineMaterials/DefaultWhiteGrid_Low.uexp" 307
"../../../Engine/Content/EngineMaterials/EmissiveMeshMaterial.uexp" 308
"../../../Engine/Content/EngineMaterials/EmissiveMeshMaterial.uasset" 309
"../../../Engine/Content/EngineMaterials/BaseFlattenLinearColor.uasset" 310
"../../../Engine/Content/EngineMaterials/BaseFlattenLinearColor.uexp" 311
"../../../Engine/Content/EngineMaterials/BaseFlattenNormalMap.uexp" 312
"../../../Engine/Content/EngineMaterials/BaseFlattenNormalMap.uasset" 313
"../../../Engine/Content/Functions/Engine_MaterialFunctions02/PivotPainter2/Black_1x1_EXR_Texture.uexp" 314
"../../../Engine/Content/Functions/Engine_MaterialFunctions02/PivotPainter2/Black_1x1_EXR_Texture.uasset" 315
"../../../Engine/Content/EngineMaterials/BaseFlattenEmissiveMap.uexp" 316
"../../../Engine/Content/EngineMaterials/BaseFlattenEmissiveMap.uasset" 317
"../../../Engine/Content/EngineMaterials/BaseFlattenDiffuseMap.uasset" 318
"../../../Engine/Content/EngineMaterials/BaseFlattenDiffuseMap.uexp" 319
"../../../Engine/Content/EngineMaterials/BaseFlattenGrayscaleMap.uasset" 320
"../../../Engine/Content/EngineMaterials/BaseFlattenGrayscaleMap.uexp" 321
"../../../Engine/Content/EngineMaterials/FlattenMaterial.uasset" 322
"../../../Engine/Content/EngineMaterials/FlattenMaterial.uexp" 323
"../../../Engine/Content/EngineMaterials/GizmoMaterial.uexp" 324
"../../../Engine/Content/EngineMaterials/GizmoMaterial.uasset" 325
"../../../Engine/Content/EngineMaterials/PhAT_JointLimitMaterial.uasset" 326
"../../../Engine/Content/EngineMaterials/PhAT_JointLimitMaterial.uexp" 327
"../../../Engine/Content/EngineMaterials/FastBlueNoise_scalar_128x128x8.uasset" 328
"../../../Engine/Content/EngineMaterials/FastBlueNoise_scalar_128x128x8.uexp" 329
"../../../Engine/Content/EngineMaterials/DefaultCalibrationColor.uexp" 330
"../../../Engine/Content/EngineMaterials/DefaultCalibrationColor.uasset" 331
"../../../Engine/Content/EngineMaterials/PPM_DefaultCalibrationColor.uasset" 332
"../../../Engine/Content/EngineMaterials/PPM_DefaultCalibrationColor.uexp" 333
"../../../Engine/Content/EngineMaterials/NaniteHiddenSectionMaterial.uasset" 334
"../../../Engine/Content/EngineMaterials/NaniteHiddenSectionMaterial.uexp" 335
"../../../Engine/Content/EngineMaterials/DefaultCalibrationGrayscale.uexp" 336
"../../../Engine/Content/EngineMaterials/DefaultCalibrationGrayscale.uasset" 337
"../../../Engine/Content/EngineMaterials/PPM_DefaultCalibrationGrayscale.uasset" 338
"../../../Engine/Content/EngineMaterials/PPM_DefaultCalibrationGrayscale.uexp" 339
"../../../Engine/Content/EngineDebugMaterials/DebugMeshMaterial.uexp" 340
"../../../Engine/Content/EngineDebugMaterials/DebugMeshMaterial.uasset" 341
"../../../Engine/Content/EngineDebugMaterials/M_SimpleUnlitTranslucent.uexp" 342
"../../../Engine/Content/EngineDebugMaterials/M_SimpleUnlitTranslucent.uasset" 343
"../../../Engine/Content/Functions/Engine_MaterialFunctions02/Utility/CameraDirectionVector.uexp" 344
"../../../Engine/Content/Functions/Engine_MaterialFunctions02/Utility/CameraDirectionVector.uasset" 345
"../../../Engine/Content/EngineDebugMaterials/VolumeToRender.uexp" 346
"../../../Engine/Content/EngineDebugMaterials/VolumeToRender.uasset" 347
"../../../Engine/Content/EngineDebugMaterials/M_VolumeRenderSphereTracePP.uexp" 348
"../../../Engine/Content/EngineDebugMaterials/M_VolumeRenderSphereTracePP.uasset" 349
"../../../Engine/Content/EngineDebugMaterials/DebugEditorMaterial.uasset" 350
"../../../Engine/Content/EngineDebugMaterials/DebugEditorMaterial.uexp" 351
"../../../Engine/Content/EngineDamageTypes/DmgTypeBP_Environmental.uasset" 352
"../../../Engine/Content/EngineDamageTypes/DmgTypeBP_Environmental.uexp" 353
"../../../Engine/Content/EditorResources/BSPVertex.uexp" 354
"../../../Engine/Content/EditorResources/BSPVertex.uasset" 355
"../../../Engine/Content/EditorResources/S_Terrain.uasset" 356
"../../../Engine/Content/EditorResources/S_Terrain.uexp" 357
"../../../Engine/Content/EditorResources/S_Terrain.ubulk" 358
"../../../Engine/Content/EditorResources/S_Solver.uasset" 359
"../../../Engine/Content/EditorResources/S_Solver.uexp" 360
"../../../Engine/Content/EditorResources/S_Solver.ubulk" 361
"../../../Engine/Content/EditorMaterials/PhAT_UnselectedMaterial.uexp" 362
"../../../Engine/Content/EditorMaterials/PhAT_UnselectedMaterial.uasset" 363
"../../../Engine/Content/EditorMaterials/PhAT_NoCollisionMaterial.uexp" 364
"../../../Engine/Content/EditorMaterials/PhAT_NoCollisionMaterial.uasset" 365
"../../../Engine/Content/EditorMaterials/PreviewShadowIndicator.uasset" 366
"../../../Engine/Content/EditorMaterials/PreviewShadowIndicator.uexp" 367
"../../../Engine/Content/EditorMaterials/PreviewShadowIndicator.ubulk" 368
"../../../Engine/Content/EditorMaterials/PreviewShadowIndicatorMaterial.uasset" 369
"../../../Engine/Content/EditorMaterials/PreviewShadowIndicatorMaterial.uexp" 370
"../../../Engine/Plugins/VirtualProduction/CameraCalibrationCore/Content/Materials/M_DefaultEvenSquare.uexp" 371
"../../../Engine/Plugins/VirtualProduction/CameraCalibrationCore/Content/Materials/M_DefaultEvenSquare.uasset" 372
"../../../Engine/Plugins/VirtualProduction/CameraCalibrationCore/Content/Materials/M_DefaultOddSquare.uasset" 373
"../../../Engine/Plugins/VirtualProduction/CameraCalibrationCore/Content/Materials/M_DefaultOddSquare.uexp" 374
"../../../Engine/Plugins/Runtime/HairStrands/Content/Materials/HairCardsDefaultMaterial.uexp" 375
"../../../Engine/Plugins/Runtime/HairStrands/Content/Materials/HairCardsDefaultMaterial.uasset" 376
"../../../Engine/Content/Functions/Engine_MaterialFunctions02/Utility/MakeFloat2.uexp" 377
"../../../Engine/Content/Functions/Engine_MaterialFunctions02/Utility/MakeFloat2.uasset" 378
"../../../Engine/Content/Functions/Engine_MaterialFunctions02/Utility/MakeFloat3.uexp" 379
"../../../Engine/Content/Functions/Engine_MaterialFunctions02/Utility/MakeFloat3.uasset" 380
"../../../Engine/Plugins/Runtime/HairStrands/Content/Materials/HairGroupColors.uexp" 381
"../../../Engine/Plugins/Runtime/HairStrands/Content/Materials/HairGroupColors.uasset" 382
"../../../Engine/Content/EngineMaterials/HairColorMap.uasset" 383
"../../../Engine/Content/EngineMaterials/HairColorMap.uexp" 384
"../../../Engine/Content/EngineMaterials/HairDebugColor.uexp" 385
"../../../Engine/Content/EngineMaterials/HairDebugColor.uasset" 386
"../../../Engine/Plugins/Runtime/HairStrands/Content/Materials/HairDebugMaterial.uexp" 387
"../../../Engine/Plugins/Runtime/HairStrands/Content/Materials/HairDebugMaterial.uasset" 388
"../../../Engine/Plugins/Runtime/HairStrands/Content/Materials/HairDefaultMaterial.uasset" 389
"../../../Engine/Plugins/Runtime/HairStrands/Content/Materials/HairDefaultMaterial.uexp" 390
"../../../Engine/Plugins/Runtime/HairStrands/Content/Materials/HairMeshesDefaultMaterial.uasset" 391
"../../../Engine/Plugins/Runtime/HairStrands/Content/Materials/HairMeshesDefaultMaterial.uexp" 392
"../../../Engine/Plugins/Runtime/AudioWidgets/Content/Resources/ScrubHandleDown_Clamped.uasset" 393
"../../../Engine/Plugins/Runtime/AudioWidgets/Content/Resources/ScrubHandleDown_Clamped.uexp" 394
"../../../Engine/Plugins/Interchange/Assets/Content/Functions/MX_Displacement.uexp" 395
"../../../Engine/Plugins/Interchange/Assets/Content/Functions/MX_Displacement.uasset" 396
"../../../Engine/Plugins/Interchange/Assets/Content/Functions/MX_GeneralizedSchlickBSDF.uexp" 397
"../../../Engine/Plugins/Interchange/Assets/Content/Functions/MX_GeneralizedSchlickBSDF.uasset" 398
"../../../Engine/Plugins/Interchange/Assets/Content/Functions/MX_UniformEDF.uexp" 399
"../../../Engine/Plugins/Interchange/Assets/Content/Functions/MX_UniformEDF.uasset" 400
"../../../Engine/Plugins/Interchange/Assets/Content/Functions/MX_Surface.uexp" 401
"../../../Engine/Plugins/Interchange/Assets/Content/Functions/MX_Surface.uasset" 402
"../../../Engine/Plugins/Interchange/Assets/Content/Functions/MX_SurfaceUnlit.uasset" 403
"../../../Engine/Plugins/Interchange/Assets/Content/Functions/MX_SurfaceUnlit.uexp" 404
"../../../Engine/Plugins/Interchange/Assets/Content/Functions/MX_ConductorBSDF.uexp" 405
"../../../Engine/Plugins/Interchange/Assets/Content/Functions/MX_ConductorBSDF.uasset" 406
"../../../Engine/Plugins/Interchange/Assets/Content/Functions/MF_IridescenceNoLUT.uexp" 407
"../../../Engine/Plugins/Interchange/Assets/Content/Functions/MF_IridescenceNoLUT.uasset" 408
"../../../Engine/Plugins/Interchange/Assets/Content/Functions/MX_StandardSurface.uasset" 409
"../../../Engine/Plugins/Interchange/Assets/Content/Functions/MX_StandardSurface.uexp" 410
"../../../Engine/Plugins/Interchange/Assets/Content/Functions/MX_OpenPBR_Opaque.uexp" 411
"../../../Engine/Plugins/Interchange/Assets/Content/Functions/MX_OpenPBR_Opaque.uasset" 412
"../../../Engine/Plugins/Interchange/Assets/Content/Functions/MX_UsdPreviewSurface.uexp" 413
"../../../Engine/Plugins/Interchange/Assets/Content/Functions/MX_UsdPreviewSurface.uasset" 414
"../../../Engine/Plugins/Interchange/Assets/Content/Functions/MX_TranslucentBSDF.uasset" 415
"../../../Engine/Plugins/Interchange/Assets/Content/Functions/MX_TranslucentBSDF.uexp" 416
"../../../Engine/Plugins/Interchange/Assets/Content/Functions/MX_AnisotropicVDF.uexp" 417
"../../../Engine/Plugins/Interchange/Assets/Content/Functions/MX_AnisotropicVDF.uasset" 418
"../../../Engine/Plugins/Interchange/Assets/Content/Functions/MX_SheenBSDF.uexp" 419
"../../../Engine/Plugins/Interchange/Assets/Content/Functions/MX_SheenBSDF.uasset" 420
"../../../Engine/Plugins/Interchange/Assets/Content/Functions/MX_SubsurfaceBSDF.uexp" 421
"../../../Engine/Plugins/Interchange/Assets/Content/Functions/MX_SubsurfaceBSDF.uasset" 422
"../../../Engine/Plugins/Interchange/Assets/Content/Functions/MX_ConicalEDF.uasset" 423
"../../../Engine/Plugins/Interchange/Assets/Content/Functions/MX_ConicalEDF.uexp" 424
"../../../Engine/Plugins/Interchange/Assets/Content/Functions/MX_MeasuredEDF.uasset" 425
"../../../Engine/Plugins/Interchange/Assets/Content/Functions/MX_MeasuredEDF.uexp" 426
"../../../Engine/Plugins/Interchange/Assets/Content/Functions/MX_BurleyDiffuseBSDF.uasset" 427
"../../../Engine/Plugins/Interchange/Assets/Content/Functions/MX_BurleyDiffuseBSDF.uexp" 428
"../../../Engine/Plugins/Interchange/Assets/Content/Functions/MX_DielectricBSDF.uasset" 429
"../../../Engine/Plugins/Interchange/Assets/Content/Functions/MX_DielectricBSDF.uexp" 430
"../../../Engine/Plugins/Interchange/Assets/Content/Functions/MX_AbsorptionVDF.uasset" 431
"../../../Engine/Plugins/Interchange/Assets/Content/Functions/MX_AbsorptionVDF.uexp" 432
"../../../Engine/Plugins/Interchange/Assets/Content/Functions/MX_OrenNayarBSDF.uasset" 433
"../../../Engine/Plugins/Interchange/Assets/Content/Functions/MX_OrenNayarBSDF.uexp" 434
"../../../Engine/Plugins/Interchange/Assets/Content/Functions/MX_ThinFilmBSDF.uasset" 435
"../../../Engine/Plugins/Interchange/Assets/Content/Functions/MX_ThinFilmBSDF.uexp" 436
"../../../Engine/Plugins/Interchange/Assets/Content/Functions/MX_TransmissionSurface.uexp" 437
"../../../Engine/Plugins/Interchange/Assets/Content/Functions/MX_TransmissionSurface.uasset" 438
"../../../Engine/Plugins/Interchange/Assets/Content/Functions/MX_OpenPBR_Translucent.uasset" 439
"../../../Engine/Plugins/Interchange/Assets/Content/Functions/MX_OpenPBR_Translucent.uexp" 440
"../../../Engine/Content/Functions/Engine_MaterialFunctions02/Utility/VectorLength.uexp" 441
"../../../Engine/Content/Functions/Engine_MaterialFunctions02/Utility/VectorLength.uasset" 442
"../../../Engine/Content/Functions/Engine_MaterialFunctions02/WorldPositionOffset/ObjectScale.uexp" 443
"../../../Engine/Content/Functions/Engine_MaterialFunctions02/WorldPositionOffset/ObjectScale.uasset" 444
"../../../Engine/Content/Functions/Engine_MaterialFunctions02/Utility/BreakOutFloat3Components.uasset" 445
"../../../Engine/Content/Functions/Engine_MaterialFunctions02/Utility/BreakOutFloat3Components.uexp" 446
"../../../Engine/Content/Functions/Engine_MaterialFunctions02/ObjectLocalBounds.uasset" 447
"../../../Engine/Content/Functions/Engine_MaterialFunctions02/ObjectLocalBounds.uexp" 448
"../../../Engine/Content/Functions/Engine_MaterialFunctions02/SafeNormalize.uasset" 449
"../../../Engine/Content/Functions/Engine_MaterialFunctions02/SafeNormalize.uexp" 450
"../../../Engine/Plugins/Editor/SpeedTreeImporter/Content/SpeedTree9/game_wind_noise.uexp" 451
"../../../Engine/Plugins/Editor/SpeedTreeImporter/Content/SpeedTree9/game_wind_noise.uasset" 452
"../../../Engine/Plugins/Editor/SpeedTreeImporter/Content/SpeedTree9/game_wind_noise.ubulk" 453
"../../../Engine/Plugins/Editor/SpeedTreeImporter/Content/SpeedTree9/SpeedTreeWindMotion.uexp" 454
"../../../Engine/Plugins/Editor/SpeedTreeImporter/Content/SpeedTree9/SpeedTreeWindMotion.uasset" 455
"../../../Engine/Plugins/Editor/SpeedTreeImporter/Content/SpeedTree9/UnpackInteger3.uexp" 456
"../../../Engine/Plugins/Editor/SpeedTreeImporter/Content/SpeedTree9/UnpackInteger3.uasset" 457
"../../../Engine/Plugins/Editor/SpeedTreeImporter/Content/SpeedTree9/UnpackDirection.uexp" 458
"../../../Engine/Plugins/Editor/SpeedTreeImporter/Content/SpeedTree9/UnpackDirection.uasset" 459
"../../../Engine/Plugins/Editor/SpeedTreeImporter/Content/SpeedTree9/SpeedTreeBranchMotion.uexp" 460
"../../../Engine/Plugins/Editor/SpeedTreeImporter/Content/SpeedTree9/SpeedTreeBranchMotion.uasset" 461
"../../../Engine/Plugins/Editor/SpeedTreeImporter/Content/SpeedTree9/Empty.uasset" 462
"../../../Engine/Plugins/Editor/SpeedTreeImporter/Content/SpeedTree9/Empty.uexp" 463
"../../../Engine/Plugins/Editor/SpeedTreeImporter/Content/SpeedTree9/EmptyNormal.uasset" 464
"../../../Engine/Plugins/Editor/SpeedTreeImporter/Content/SpeedTree9/EmptyNormal.uexp" 465
"../../../Engine/Content/Functions/Engine_MaterialFunctions02/UVs/BoundingBoxBased_0-1_UVW.uexp" 466
"../../../Engine/Content/Functions/Engine_MaterialFunctions02/UVs/BoundingBoxBased_0-1_UVW.uasset" 467
"../../../Engine/Plugins/Editor/SpeedTreeImporter/Content/SpeedTree9/SpeedTreeCameraFacing.uasset" 468
"../../../Engine/Plugins/Editor/SpeedTreeImporter/Content/SpeedTree9/SpeedTreeCameraFacing.uexp" 469
"../../../Engine/Plugins/Editor/SpeedTreeImporter/Content/SpeedTree9/SpeedTreeWind.uasset" 470
"../../../Engine/Plugins/Editor/SpeedTreeImporter/Content/SpeedTree9/SpeedTreeWind.uexp" 471
"../../../Engine/Plugins/Editor/SpeedTreeImporter/Content/SpeedTree9/SpeedTreeMaster.uexp" 472
"../../../Engine/Plugins/Editor/SpeedTreeImporter/Content/SpeedTree9/SpeedTreeMaster.uasset" 473
"../../../Engine/Plugins/Editor/SpeedTreeImporter/Content/SpeedTree9/SpeedTreeBillboard.uexp" 474
"../../../Engine/Plugins/Editor/SpeedTreeImporter/Content/SpeedTree9/SpeedTreeBillboard.uasset" 475
"../../../Engine/Plugins/Editor/SpeedTreeImporter/Content/SpeedTree9/SpeedTreeBillboardMaster.uasset" 476
"../../../Engine/Plugins/Editor/SpeedTreeImporter/Content/SpeedTree9/SpeedTreeBillboardMaster.uexp" 477
"../../../Engine/Content/EditorMaterials/Camera/CineMat.uasset" 478
"../../../Engine/Content/EditorMaterials/Camera/CineMat.uexp" 479
"../../../Engine/Content/EditorMaterials/Camera/MI_CineMat_Rig.uasset" 480
"../../../Engine/Content/EditorMaterials/Camera/MI_CineMat_Rig.uexp" 481
"../../../Engine/Content/EditorMeshes/Camera/SM_RailRig_Track.uexp" 482
"../../../Engine/Content/EditorMeshes/Camera/SM_RailRig_Track.uasset" 483
"../../../Engine/Content/EditorMeshes/Camera/SM_CraneRig_Arm.uexp" 484
"../../../Engine/Content/EditorMeshes/Camera/SM_CraneRig_Arm.uasset" 485
"../../../Engine/Content/EditorMeshes/Camera/SM_CraneRig_Mount.uexp" 486
"../../../Engine/Content/EditorMeshes/Camera/SM_CraneRig_Mount.uasset" 487
"../../../Engine/Content/EditorMeshes/Camera/SM_CraneRig_Base.uexp" 488
"../../../Engine/Content/EditorMeshes/Camera/SM_CraneRig_Base.uasset" 489
"../../../Engine/Content/EditorMeshes/Camera/SM_RailRig_Mount.uexp" 490
"../../../Engine/Content/EditorMeshes/Camera/SM_RailRig_Mount.uasset" 491
"../../../Engine/Content/EditorMeshes/Camera/SM_CraneRig_Body.uasset" 492
"../../../Engine/Content/EditorMeshes/Camera/SM_CraneRig_Body.uexp" 493
"../../../Engine/Content/EditorMaterials/ParticleSystems/PSysThumbnail_OOD.ubulk" 494
"../../../Engine/Content/EditorMaterials/ParticleSystems/PSysThumbnail_OOD.uexp" 495
"../../../Engine/Content/EditorMaterials/ParticleSystems/PSysThumbnail_OOD.uasset" 496
"../../../Engine/Content/EditorMaterials/ParticleSystems/PSysThumbnail_NoImage.ubulk" 497
"../../../Engine/Content/EditorMaterials/ParticleSystems/PSysThumbnail_NoImage.uexp" 498
"../../../Engine/Content/EditorMaterials/ParticleSystems/PSysThumbnail_NoImage.uasset" 499
"../../../Engine/Content/EditorMaterials/Dataflow/DataflowTwoSidedVertexMaterial.uasset" 500
"../../../Engine/Content/EditorMaterials/Dataflow/DataflowTwoSidedVertexMaterial.uexp" 501
"../../../Engine/Content/EditorMaterials/Dataflow/DataflowVertexMaterial.uasset" 502
"../../../Engine/Content/EditorMaterials/Dataflow/DataflowVertexMaterial.uexp" 503
"../../../Engine/Content/VREditor/TransformGizmo/TranslucentTransformGizmoMaterial.uasset" 504
"../../../Engine/Content/VREditor/TransformGizmo/TranslucentTransformGizmoMaterial.uexp" 505
"../../../Engine/Content/VREditor/LaserPointer/VR_LaserPower_01.uexp" 506
"../../../Engine/Content/VREditor/LaserPointer/VR_LaserPower_01.ubulk" 507
"../../../Engine/Content/VREditor/LaserPointer/VR_LaserPower_01.uasset" 508
"../../../Engine/Content/VREditor/TransformGizmo/TransformGizmoMaterial.uasset" 509
"../../../Engine/Content/VREditor/TransformGizmo/TransformGizmoMaterial.uexp" 510
"../../../Engine/Content/VREditor/TransformGizmo/BoundingBoxEdge.uexp" 511
"../../../Engine/Content/VREditor/TransformGizmo/BoundingBoxEdge.uasset" 512
"../../../Engine/Content/VREditor/TransformGizmo/Xray.uexp" 513
"../../../Engine/Content/VREditor/TransformGizmo/Xray.uasset" 514
"../../../Engine/Content/VREditor/TransformGizmo/Main.uasset" 515
"../../../Engine/Content/VREditor/TransformGizmo/Main.uexp" 516
"../../../Engine/Content/VREditor/TransformGizmo/SM_Sequencer_Node.uexp" 517
"../../../Engine/Content/VREditor/TransformGizmo/SM_Sequencer_Node.uasset" 518
"../../../Engine/Content/VREditor/TransformGizmo/BoundingBoxCorner.uasset" 519
"../../../Engine/Content/VREditor/TransformGizmo/BoundingBoxCorner.uexp" 520
"../../../Engine/Content/EngineResources/FilmGrains/Marcie_Grain_v3_128_M2_000.uexp" 521
"../../../Engine/Content/EngineResources/FilmGrains/Marcie_Grain_v3_128_M2_000.uasset" 522
"../../../Engine/Content/EngineResources/Development/ZenLogo_64.uasset" 523
"../../../Engine/Content/EngineResources/Development/ZenLogo_64.uexp" 524
"../../../Engine/Content/EngineMaterials/LTC/GGX_LTCAmp.uexp" 525
"../../../Engine/Content/EngineMaterials/LTC/GGX_LTCAmp.uasset" 526
"../../../Engine/Content/EngineMaterials/LTC/Sheen_LTC.uasset" 527
"../../../Engine/Content/EngineMaterials/LTC/Sheen_LTC.uexp" 528
"../../../Engine/Content/EngineMaterials/LTC/GGX_LTCMat.uexp" 529
"../../../Engine/Content/EngineMaterials/LTC/GGX_LTCMat.uasset" 530
"../../../Engine/Content/EngineMaterials/EnergyConservation/Diffuse_Energy.uexp" 531
"../../../Engine/Content/EngineMaterials/EnergyConservation/Diffuse_Energy.uasset" 532
"../../../Engine/Content/EngineMaterials/EnergyConservation/SheenLegacy_Energy.uasset" 533
"../../../Engine/Content/EngineMaterials/EnergyConservation/SheenLegacy_Energy.uexp" 534
"../../../Engine/Content/EngineMaterials/EnergyConservation/Sheen_Energy.uasset" 535
"../../../Engine/Content/EngineMaterials/EnergyConservation/Sheen_Energy.uexp" 536
"../../../Engine/Content/EngineMaterials/EnergyConservation/GGX_TransmissionEnergyArray.uasset" 537
"../../../Engine/Content/EngineMaterials/EnergyConservation/GGX_TransmissionEnergyArray.uexp" 538
"../../../Engine/Content/EngineMaterials/EnergyConservation/GGX_ReflectionEnergy.uasset" 539
"../../../Engine/Content/EngineMaterials/EnergyConservation/GGX_ReflectionEnergy.uexp" 540
"../../../Engine/Content/EditorResources/SequenceRecorder/RecordingIndicator.uexp" 541
"../../../Engine/Content/EditorResources/SequenceRecorder/RecordingIndicator.uasset" 542
"../../../Engine/Content/EditorResources/SequenceRecorder/Countdown.uasset" 543
"../../../Engine/Content/EditorResources/SequenceRecorder/Countdown.uexp" 544
"../../../Engine/Content/ArtTools/RenderToTexture/Meshes/S_1_Unit_Plane.uexp" 545
"../../../Engine/Content/ArtTools/RenderToTexture/Meshes/S_1_Unit_Plane.uasset" 546
"../../../Engine/Content/Functions/Engine_MaterialFunctions01/Shading/PowerToRoughness.uexp" 547
"../../../Engine/Content/Functions/Engine_MaterialFunctions01/Shading/PowerToRoughness.uasset" 548
"../../../Engine/Content/Functions/Engine_MaterialFunctions01/Shading/ConvertFromDiffSpec.uexp" 549
"../../../Engine/Content/Functions/Engine_MaterialFunctions01/Shading/ConvertFromDiffSpec.uasset" 550
"../../../Engine/Content/EngineMaterials/Substrate/Glints2/AGlintTex2dArray2.uasset" 551
"../../../Engine/Content/EngineMaterials/Substrate/Glints2/AGlintTex2dArray2.uexp" 552
"../../../Engine/Content/EngineMaterials/Substrate/GLints/AGlintTex2dArray.uasset" 553
"../../../Engine/Content/EngineMaterials/Substrate/GLints/AGlintTex2dArray.uexp" 554
"../../../Engine/Content/EngineResources/DefaultTextureCube.uasset" 555
"../../../Engine/Content/EngineResources/DefaultTextureCube.uexp" 556
"../../../Engine/Plugins/2D/Paper2D/Content/DefaultSpriteMaterial.uexp" 557
"../../../Engine/Plugins/2D/Paper2D/Content/DefaultSpriteMaterial.uasset" 558
"../../../Engine/Plugins/2D/Paper2D/Content/MaskedUnlitSpriteMaterial.uexp" 559
"../../../Engine/Plugins/2D/Paper2D/Content/MaskedUnlitSpriteMaterial.uasset" 560
"../../../Engine/Plugins/2D/Paper2D/Content/OpaqueUnlitSpriteMaterial.uasset" 561
"../../../Engine/Plugins/2D/Paper2D/Content/OpaqueUnlitSpriteMaterial.uexp" 562
"../../../Engine/Content/Functions/Engine_MaterialFunctions03/Math/WithinRangeFloat2.uexp" 563
"../../../Engine/Content/Functions/Engine_MaterialFunctions03/Math/WithinRangeFloat2.uasset" 564
"../../../Engine/Content/EditorLandscapeResources/MaskBrushMaterial.uasset" 565
"../../../Engine/Content/EditorLandscapeResources/MaskBrushMaterial.uexp" 566
"../../../Engine/Content/EditorLandscapeResources/MaskBrushMaterial_MaskedRegion.uexp" 567
"../../../Engine/Content/EditorLandscapeResources/MaskBrushMaterial_MaskedRegion.uasset" 568
"../../../Engine/Content/EditorLandscapeResources/ColorMaskBrushMaterial.uexp" 569
"../../../Engine/Content/EditorLandscapeResources/ColorMaskBrushMaterial.uasset" 570
"../../../Engine/Content/EditorLandscapeResources/ColorMaskBrushMaterial_MaskedRegion.uasset" 571
"../../../Engine/Content/EditorLandscapeResources/ColorMaskBrushMaterial_MaskedRegion.uexp" 572
"../../../Engine/Content/EditorLandscapeResources/SelectBrushMaterial.uexp" 573
"../../../Engine/Content/EditorLandscapeResources/SelectBrushMaterial.uasset" 574
"../../../Engine/Content/EditorLandscapeResources/SelectBrushMaterial_SelectedRegion.uasset" 575
"../../../Engine/Content/EditorLandscapeResources/SelectBrushMaterial_SelectedRegion.uexp" 576
"../../../Engine/Content/EditorLandscapeResources/SelectBrushMaterial_Selected.uexp" 577
"../../../Engine/Content/EditorLandscapeResources/SelectBrushMaterial_Selected.uasset" 578
"../../../Engine/Content/VREditor/Sounds/UI/Drop_Item_From_ContentBrowser.ubulk" 579
"../../../Engine/Content/VREditor/Sounds/UI/Drop_Item_From_ContentBrowser.uasset" 580
"../../../Engine/Content/VREditor/Sounds/UI/Drop_Item_From_ContentBrowser.uexp" 581
"../../../Engine/Content/VREditor/TransformGizmo/TransformGizmoMaterial_Inst.uexp" 582
"../../../Engine/Content/VREditor/TransformGizmo/TransformGizmoMaterial_Inst.uasset" 583
"../../../Engine/Content/VREditor/TransformGizmo/TranslucentTransformGizmoMaterial_Inst.uexp" 584
"../../../Engine/Content/VREditor/TransformGizmo/TranslucentTransformGizmoMaterial_Inst.uasset" 585
"../../../Engine/Content/Functions/Engine_MaterialFunctions02/Math/Transform3x3Matrix.uasset" 586
"../../../Engine/Content/Functions/Engine_MaterialFunctions02/Math/Transform3x3Matrix.uexp" 587
"../../../Engine/Content/Functions/Engine_MaterialFunctions02/SplitComponents.uasset" 588
"../../../Engine/Content/Functions/Engine_MaterialFunctions02/SplitComponents.uexp" 589
"../../../Engine/Content/VREditor/SnapGrid/SnapGridMaterial.uasset" 590
"../../../Engine/Content/VREditor/SnapGrid/SnapGridMaterial.uexp" 591
"../../../Engine/Content/VREditor/SnapGrid/SnapGridPlaneMesh.uexp" 592
"../../../Engine/Content/VREditor/SnapGrid/SnapGridPlaneMesh.uasset" 593
"../../../Engine/Content/VREditor/Sounds/UI/Gizmo_Handle_Clicked.uasset" 594
"../../../Engine/Content/VREditor/Sounds/UI/Gizmo_Handle_Clicked.uexp" 595
"../../../Engine/Content/VREditor/Sounds/UI/Gizmo_Handle_Clicked.ubulk" 596
"../../../Engine/Content/VREditor/Sounds/UI/Object_PickUp.ubulk" 597
"../../../Engine/Content/VREditor/Sounds/UI/Object_PickUp.uexp" 598
"../../../Engine/Content/VREditor/Sounds/UI/Object_PickUp.uasset" 599
"../../../Engine/Content/VREditor/Sounds/UI/Object_Snaps_To_Another_Actor.uasset" 600
"../../../Engine/Content/VREditor/Sounds/UI/Object_Snaps_To_Another_Actor.ubulk" 601
"../../../Engine/Content/VREditor/Sounds/UI/Object_Snaps_To_Another_Actor.uexp" 602
"../../../Engine/Content/VREditor/Sounds/UI/Object_Snaps_To_Grid.ubulk" 603
"../../../Engine/Content/VREditor/Sounds/UI/Object_Snaps_To_Grid.uasset" 604
"../../../Engine/Content/VREditor/Sounds/UI/Object_Snaps_To_Grid.uexp" 605
"../../../Engine/Content/VREditor/Sounds/UI/Scaling_Down.ubulk" 606
"../../../Engine/Content/VREditor/Sounds/UI/Scaling_Down.uexp" 607
"../../../Engine/Content/VREditor/Sounds/UI/Scaling_Down.uasset" 608
"../../../Engine/Content/VREditor/Sounds/UI/Scaling_Up.ubulk" 609
"../../../Engine/Content/VREditor/Sounds/UI/Scaling_Up.uasset" 610
"../../../Engine/Content/VREditor/Sounds/UI/Scaling_Up.uexp" 611
"../../../Engine/Content/VREditor/Sounds/UI/Selection_Changes.ubulk" 612
"../../../Engine/Content/VREditor/Sounds/UI/Selection_Changes.uasset" 613
"../../../Engine/Content/VREditor/Sounds/UI/Selection_Changes.uexp" 614
"../../../Engine/Content/VREditor/TransformGizmo/PlaneTranslationHandle.uasset" 615
"../../../Engine/Content/VREditor/TransformGizmo/PlaneTranslationHandle.uexp" 616
"../../../Engine/Content/VREditor/TransformGizmo/RotationHandleFull.uexp" 617
"../../../Engine/Content/VREditor/TransformGizmo/RotationHandleFull.uasset" 618
"../../../Engine/Content/VREditor/TransformGizmo/RotationHandleIndicator.uexp" 619
"../../../Engine/Content/VREditor/TransformGizmo/RotationHandleIndicator.uasset" 620
"../../../Engine/Content/VREditor/TransformGizmo/RotationHandleQuarter.uasset" 621
"../../../Engine/Content/VREditor/TransformGizmo/RotationHandleQuarter.uexp" 622
"../../../Engine/Content/VREditor/TransformGizmo/StartRotationHandleIndicator.uexp" 623
"../../../Engine/Content/VREditor/TransformGizmo/StartRotationHandleIndicator.uasset" 624
"../../../Engine/Content/VREditor/TransformGizmo/TransformGizmoFreeRotation.uasset" 625
"../../../Engine/Content/VREditor/TransformGizmo/TransformGizmoFreeRotation.uexp" 626
"../../../Engine/Content/VREditor/TransformGizmo/TranslateArrowHandle.uasset" 627
"../../../Engine/Content/VREditor/TransformGizmo/TranslateArrowHandle.uexp" 628
"../../../Engine/Content/VREditor/TransformGizmo/UniformScaleHandle.uasset" 629
"../../../Engine/Content/VREditor/TransformGizmo/UniformScaleHandle.uexp" 630
"../../../Engine/Content/EngineResources/LandscapeVisibilityLayerInfo.uexp" 631
"../../../Engine/Content/EngineResources/LandscapeVisibilityLayerInfo.uasset" 632
"../../../Engine/Content/EngineResources/WhiteSquareTexture.uexp" 633
"../../../Engine/Content/EngineResources/WhiteSquareTexture.uasset" 634
"../../../Engine/Content/EngineMaterials/Widget3DPassThrough.uexp" 635
"../../../Engine/Content/EngineMaterials/Widget3DPassThrough.uasset" 636
"../../../Engine/Content/EngineMaterials/Widget3DPassThrough_Opaque.uasset" 637
"../../../Engine/Content/EngineMaterials/Widget3DPassThrough_Opaque.uexp" 638
"../../../Engine/Content/EngineMaterials/Widget3DPassThrough_Opaque_OneSided.uasset" 639
"../../../Engine/Content/EngineMaterials/Widget3DPassThrough_Opaque_OneSided.uexp" 640
"../../../Engine/Content/EngineMaterials/Widget3DPassThrough_Masked_OneSided.uexp" 641
"../../../Engine/Content/EngineMaterials/Widget3DPassThrough_Masked_OneSided.uasset" 642
"../../../Engine/Content/EngineMaterials/Widget3DPassThrough_Translucent.uasset" 643
"../../../Engine/Content/EngineMaterials/Widget3DPassThrough_Translucent.uexp" 644
"../../../Engine/Content/EngineMaterials/Widget3DPassThrough_Translucent_OneSided.uasset" 645
"../../../Engine/Content/EngineMaterials/Widget3DPassThrough_Translucent_OneSided.uexp" 646
"../../../Engine/Content/EngineMaterials/Widget3DPassThrough_Masked.uasset" 647
"../../../Engine/Content/EngineMaterials/Widget3DPassThrough_Masked.uexp" 648
"../../../Engine/Plugins/Interchange/Assets/Content/Utilities/New_LUT.uasset" 649
"../../../Engine/Plugins/Interchange/Assets/Content/Utilities/New_LUT.uexp" 650
"../../../Engine/Content/Functions/Engine_MaterialFunctions03/Math/RemapValueRange.uexp" 651
"../../../Engine/Content/Functions/Engine_MaterialFunctions03/Math/RemapValueRange.uasset" 652
"../../../Engine/Plugins/Interchange/Assets/Content/Functions/MF_Iridescence.uasset" 653
"../../../Engine/Plugins/Interchange/Assets/Content/Functions/MF_Iridescence.uexp" 654
"../../../Engine/Plugins/Interchange/Assets/Content/gltf/Textures/T_White_srgb.uasset" 655
"../../../Engine/Plugins/Interchange/Assets/Content/gltf/Textures/T_White_srgb.uexp" 656
"../../../Engine/Plugins/Interchange/Assets/Content/gltf/MaterialFunctions/MF_BaseColor.uexp" 657
"../../../Engine/Plugins/Interchange/Assets/Content/gltf/MaterialFunctions/MF_BaseColor.uasset" 658
"../../../Engine/Plugins/Interchange/Assets/Content/gltf/MaterialFunctions/MF_Emissive.uexp" 659
"../../../Engine/Plugins/Interchange/Assets/Content/gltf/MaterialFunctions/MF_Emissive.uasset" 660
"../../../Engine/Plugins/Interchange/Assets/Content/gltf/MaterialFunctions/MF_IOR.uexp" 661
"../../../Engine/Plugins/Interchange/Assets/Content/gltf/MaterialFunctions/MF_IOR.uasset" 662
"../../../Engine/Plugins/Interchange/Assets/Content/gltf/MaterialFunctions/MF_Iridescence.uasset" 663
"../../../Engine/Plugins/Interchange/Assets/Content/gltf/MaterialFunctions/MF_Iridescence.uexp" 664
"../../../Engine/Plugins/Interchange/Assets/Content/gltf/Textures/T_White_Linear.uexp" 665
"../../../Engine/Plugins/Interchange/Assets/Content/gltf/Textures/T_White_Linear.uasset" 666
"../../../Engine/Plugins/Interchange/Assets/Content/gltf/MaterialFunctions/MF_MetallicRoughness.uexp" 667
"../../../Engine/Plugins/Interchange/Assets/Content/gltf/MaterialFunctions/MF_MetallicRoughness.uasset" 668
"../../../Engine/Plugins/Interchange/Assets/Content/gltf/MaterialFunctions/MF_RotateNormals_TS.uexp" 669
"../../../Engine/Plugins/Interchange/Assets/Content/gltf/MaterialFunctions/MF_RotateNormals_TS.uasset" 670
"../../../Engine/Plugins/Interchange/Assets/Content/gltf/MaterialFunctions/MF_ScaleNormal.uasset" 671
"../../../Engine/Plugins/Interchange/Assets/Content/gltf/MaterialFunctions/MF_ScaleNormal.uexp" 672
"../../../Engine/Plugins/Interchange/Assets/Content/gltf/Textures/T_Generic_N.uasset" 673
"../../../Engine/Plugins/Interchange/Assets/Content/gltf/Textures/T_Generic_N.uexp" 674
"../../../Engine/Plugins/Interchange/Assets/Content/gltf/MaterialFunctions/MF_Normals.uasset" 675
"../../../Engine/Plugins/Interchange/Assets/Content/gltf/MaterialFunctions/MF_Normals.uexp" 676
"../../../Engine/Plugins/Interchange/Assets/Content/gltf/MaterialFunctions/MF_Occlusion.uasset" 677
"../../../Engine/Plugins/Interchange/Assets/Content/gltf/MaterialFunctions/MF_Occlusion.uexp" 678
"../../../Engine/Plugins/Interchange/Assets/Content/gltf/MaterialFunctions/MF_RotateV2.uasset" 679
"../../../Engine/Plugins/Interchange/Assets/Content/gltf/MaterialFunctions/MF_RotateV2.uexp" 680
"../../../Engine/Plugins/Interchange/Assets/Content/gltf/MaterialFunctions/MF_Specular.uexp" 681
"../../../Engine/Plugins/Interchange/Assets/Content/gltf/MaterialFunctions/MF_Specular.uasset" 682
"../../../Engine/Plugins/Interchange/Assets/Content/gltf/Textures/T_Anisotropy_Direction_Linear.uasset" 683
"../../../Engine/Plugins/Interchange/Assets/Content/gltf/Textures/T_Anisotropy_Direction_Linear.uexp" 684
"../../../Engine/Plugins/Interchange/Assets/Content/gltf/MaterialFunctions/MF_SpecularAnisotropy.uasset" 685
"../../../Engine/Plugins/Interchange/Assets/Content/gltf/MaterialFunctions/MF_SpecularAnisotropy.uexp" 686
"../../../Engine/Plugins/Interchange/Assets/Content/gltf/MaterialFunctions/MF_TransformUVs.uasset" 687
"../../../Engine/Plugins/Interchange/Assets/Content/gltf/MaterialFunctions/MF_TransformUVs.uexp" 688
"../../../Engine/Plugins/Interchange/Assets/Content/gltf/MaterialFunctions/MF_Sheen.uasset" 689
"../../../Engine/Plugins/Interchange/Assets/Content/gltf/MaterialFunctions/MF_Sheen.uexp" 690
"../../../Engine/Plugins/Interchange/Assets/Content/gltf/MaterialBodies/MF_Sheen_Body.uexp" 691
"../../../Engine/Plugins/Interchange/Assets/Content/gltf/MaterialBodies/MF_Sheen_Body.uasset" 692
"../../../Engine/Plugins/Interchange/Assets/Content/gltf/M_Sheen.uasset" 693
"../../../Engine/Plugins/Interchange/Assets/Content/gltf/M_Sheen.uexp" 694
"../../../Engine/Plugins/Interchange/Assets/Content/gltf/MaterialInstances/MI_Sheen_Blend_DS.uexp" 695
"../../../Engine/Plugins/Interchange/Assets/Content/gltf/MaterialInstances/MI_Sheen_Blend_DS.uasset" 696
"../../../Engine/Content/Functions/Engine_MaterialFunctions01/Texturing/FlattenNormal.uasset" 697
"../../../Engine/Content/Functions/Engine_MaterialFunctions01/Texturing/FlattenNormal.uexp" 698
"../../../Engine/Plugins/Interchange/Assets/Content/gltf/MaterialFunctions/MF_Clearcoat.uexp" 699
"../../../Engine/Plugins/Interchange/Assets/Content/gltf/MaterialFunctions/MF_Clearcoat.uasset" 700
"../../../Engine/Plugins/Interchange/Assets/Content/gltf/MaterialBodies/MF_ClearCoat_Body.uexp" 701
"../../../Engine/Plugins/Interchange/Assets/Content/gltf/MaterialBodies/MF_ClearCoat_Body.uasset" 702
"../../../Engine/Plugins/Interchange/Assets/Content/gltf/M_ClearCoat.uexp" 703
"../../../Engine/Plugins/Interchange/Assets/Content/gltf/M_ClearCoat.uasset" 704
"../../../Engine/Plugins/Interchange/Assets/Content/gltf/MaterialInstances/MI_ClearCoat_Mask.uexp" 705
"../../../Engine/Plugins/Interchange/Assets/Content/gltf/MaterialInstances/MI_ClearCoat_Mask.uasset" 706
"../../../Engine/Content/EngineMaterials/Good64x64TilingNoiseHighFreq.uasset" 707
"../../../Engine/Content/EngineMaterials/Good64x64TilingNoiseHighFreq.uexp" 708
"../../../Engine/Content/Functions/Engine_MaterialFunctions02/Texturing/ScreenAlignedPixelToPixelUVs.uasset" 709
"../../../Engine/Content/Functions/Engine_MaterialFunctions02/Texturing/ScreenAlignedPixelToPixelUVs.uexp" 710
"../../../Engine/Plugins/Interchange/Assets/Content/gltf/MaterialFunctions/MF_Fresnel_DS.uexp" 711
"../../../Engine/Plugins/Interchange/Assets/Content/gltf/MaterialFunctions/MF_Fresnel_DS.uasset" 712
"../../../Engine/Plugins/Interchange/Assets/Content/gltf/MaterialFunctions/MF_Temporal_Blur.uexp" 713
"../../../Engine/Plugins/Interchange/Assets/Content/gltf/MaterialFunctions/MF_Temporal_Blur.uasset" 714
"../../../Engine/Plugins/Interchange/Assets/Content/gltf/MaterialFunctions/MF_Transmission.uasset" 715
"../../../Engine/Plugins/Interchange/Assets/Content/gltf/MaterialFunctions/MF_Transmission.uexp" 716
"../../../Engine/Plugins/Interchange/Assets/Content/gltf/MaterialBodies/MF_Transmission_Body.uasset" 717
"../../../Engine/Plugins/Interchange/Assets/Content/gltf/MaterialBodies/MF_Transmission_Body.uexp" 718
"../../../Engine/Plugins/Interchange/Assets/Content/gltf/M_Transmission.uasset" 719
"../../../Engine/Plugins/Interchange/Assets/Content/gltf/M_Transmission.uexp" 720
"../../../Engine/Plugins/Interchange/Assets/Content/gltf/MaterialInstances/MI_Transmission.uexp" 721
"../../../Engine/Plugins/Interchange/Assets/Content/gltf/MaterialInstances/MI_Transmission.uasset" 722
"../../../Engine/Plugins/Interchange/Assets/Content/gltf/MaterialInstances/MI_ClearCoat_Blend_DS.uexp" 723
"../../../Engine/Plugins/Interchange/Assets/Content/gltf/MaterialInstances/MI_ClearCoat_Blend_DS.uasset" 724
"../../../Engine/Plugins/Interchange/Assets/Content/gltf/MaterialFunctions/MF_DiffuseSpecGloss.uasset" 725
"../../../Engine/Plugins/Interchange/Assets/Content/gltf/MaterialFunctions/MF_DiffuseSpecGloss.uexp" 726
"../../../Engine/Plugins/Interchange/Assets/Content/gltf/MaterialFunctions/MF_MaxComponentValue.uexp" 727
"../../../Engine/Plugins/Interchange/Assets/Content/gltf/MaterialFunctions/MF_MaxComponentValue.uasset" 728
"../../../Engine/Content/Functions/Engine_MaterialFunctions02/Math/AddComponents.uexp" 729
"../../../Engine/Content/Functions/Engine_MaterialFunctions02/Math/AddComponents.uasset" 730
"../../../Engine/Plugins/Interchange/Assets/Content/gltf/MaterialFunctions/MF_PerceivedBrightness.uasset" 731
"../../../Engine/Plugins/Interchange/Assets/Content/gltf/MaterialFunctions/MF_PerceivedBrightness.uexp" 732
"../../../Engine/Plugins/Interchange/Assets/Content/gltf/MaterialFunctions/MF_SpecGlossToMetalRoughness.uasset" 733
"../../../Engine/Plugins/Interchange/Assets/Content/gltf/MaterialFunctions/MF_SpecGlossToMetalRoughness.uexp" 734
"../../../Engine/Plugins/Interchange/Assets/Content/gltf/MaterialBodies/MF_SpecularGlossiness_Body.uasset" 735
"../../../Engine/Plugins/Interchange/Assets/Content/gltf/MaterialBodies/MF_SpecularGlossiness_Body.uexp" 736
"../../../Engine/Plugins/Interchange/Assets/Content/gltf/M_SpecularGlossiness.uexp" 737
"../../../Engine/Plugins/Interchange/Assets/Content/gltf/M_SpecularGlossiness.uasset" 738
"../../../Engine/Plugins/Interchange/Assets/Content/gltf/MaterialInstances/MI_SpecularGlossiness_Mask_DS.uexp" 739
"../../../Engine/Plugins/Interchange/Assets/Content/gltf/MaterialInstances/MI_SpecularGlossiness_Mask_DS.uasset" 740
"../../../Engine/Plugins/Interchange/Assets/Content/gltf/MaterialBodies/MF_Unlit_Body.uasset" 741
"../../../Engine/Plugins/Interchange/Assets/Content/gltf/MaterialBodies/MF_Unlit_Body.uexp" 742
"../../../Engine/Plugins/Interchange/Assets/Content/gltf/M_Unlit.uasset" 743
"../../../Engine/Plugins/Interchange/Assets/Content/gltf/M_Unlit.uexp" 744
"../../../Engine/Plugins/Interchange/Assets/Content/gltf/MaterialInstances/MI_Unlit_Mask.uasset" 745
"../../../Engine/Plugins/Interchange/Assets/Content/gltf/MaterialInstances/MI_Unlit_Mask.uexp" 746
"../../../Engine/Plugins/Interchange/Assets/Content/gltf/MaterialInstances/MI_Unlit_Opaque.uexp" 747
"../../../Engine/Plugins/Interchange/Assets/Content/gltf/MaterialInstances/MI_Unlit_Opaque.uasset" 748
"../../../Engine/Plugins/Interchange/Assets/Content/gltf/MaterialInstances/MI_ClearCoat_Opaque.uexp" 749
"../../../Engine/Plugins/Interchange/Assets/Content/gltf/MaterialInstances/MI_ClearCoat_Opaque.uasset" 750
"../../../Engine/Plugins/Interchange/Assets/Content/gltf/MaterialInstances/MI_Transmission_DS.uexp" 751
"../../../Engine/Plugins/Interchange/Assets/Content/gltf/MaterialInstances/MI_Transmission_DS.uasset" 752
"../../../Engine/Plugins/Interchange/Assets/Content/gltf/MaterialInstances/MI_SpecularGlossiness_Opaque_DS.uexp" 753
"../../../Engine/Plugins/Interchange/Assets/Content/gltf/MaterialInstances/MI_SpecularGlossiness_Opaque_DS.uasset" 754
"../../../Engine/Plugins/Interchange/Assets/Content/gltf/MaterialInstances/MI_Unlit_Blend_DS.uexp" 755
"../../../Engine/Plugins/Interchange/Assets/Content/gltf/MaterialInstances/MI_Unlit_Blend_DS.uasset" 756
"../../../Engine/Plugins/Interchange/Assets/Content/gltf/MaterialInstances/MI_SpecularGlossiness_Opaque.uasset" 757
"../../../Engine/Plugins/Interchange/Assets/Content/gltf/MaterialInstances/MI_SpecularGlossiness_Opaque.uexp" 758
"../../../Engine/Plugins/Interchange/Assets/Content/gltf/MaterialInstances/MI_ClearCoat_Mask_DS.uexp" 759
"../../../Engine/Plugins/Interchange/Assets/Content/gltf/MaterialInstances/MI_ClearCoat_Mask_DS.uasset" 760
"../../../Engine/Plugins/Interchange/Assets/Content/gltf/MaterialInstances/MI_SpecularGlossiness_Mask.uexp" 761
"../../../Engine/Plugins/Interchange/Assets/Content/gltf/MaterialInstances/MI_SpecularGlossiness_Mask.uasset" 762
"../../../Engine/Plugins/Interchange/Assets/Content/gltf/MaterialInstances/MI_Sheen_Opaque_DS.uasset" 763
"../../../Engine/Plugins/Interchange/Assets/Content/gltf/MaterialInstances/MI_Sheen_Opaque_DS.uexp" 764
"../../../Engine/Plugins/Interchange/Assets/Content/gltf/MaterialInstances/MI_Unlit_Mask_DS.uasset" 765
"../../../Engine/Plugins/Interchange/Assets/Content/gltf/MaterialInstances/MI_Unlit_Mask_DS.uexp" 766
"../../../Engine/Plugins/Interchange/Assets/Content/gltf/MaterialInstances/MI_Sheen_Mask.uexp" 767
"../../../Engine/Plugins/Interchange/Assets/Content/gltf/MaterialInstances/MI_Sheen_Mask.uasset" 768
"../../../Engine/Plugins/Interchange/Assets/Content/gltf/MaterialInstances/MI_Unlit_Blend.uasset" 769
"../../../Engine/Plugins/Interchange/Assets/Content/gltf/MaterialInstances/MI_Unlit_Blend.uexp" 770
"../../../Engine/Plugins/Interchange/Assets/Content/gltf/MaterialBodies/MF_Default_Body.uasset" 771
"../../../Engine/Plugins/Interchange/Assets/Content/gltf/MaterialBodies/MF_Default_Body.uexp" 772
"../../../Engine/Plugins/Interchange/Assets/Content/gltf/M_Default.uasset" 773
"../../../Engine/Plugins/Interchange/Assets/Content/gltf/M_Default.uexp" 774
"../../../Engine/Plugins/Interchange/Assets/Content/gltf/MaterialInstances/MI_Default_Opaque_DS.uexp" 775
"../../../Engine/Plugins/Interchange/Assets/Content/gltf/MaterialInstances/MI_Default_Opaque_DS.uasset" 776
"../../../Engine/Plugins/Interchange/Assets/Content/gltf/MaterialInstances/MI_Default_Mask_DS.uexp" 777
"../../../Engine/Plugins/Interchange/Assets/Content/gltf/MaterialInstances/MI_Default_Mask_DS.uasset" 778
"../../../Engine/Plugins/Interchange/Assets/Content/gltf/MaterialInstances/MI_Sheen_Opaque.uasset" 779
"../../../Engine/Plugins/Interchange/Assets/Content/gltf/MaterialInstances/MI_Sheen_Opaque.uexp" 780
"../../../Engine/Plugins/Interchange/Assets/Content/gltf/MaterialInstances/MI_Sheen_Mask_DS.uasset" 781
"../../../Engine/Plugins/Interchange/Assets/Content/gltf/MaterialInstances/MI_Sheen_Mask_DS.uexp" 782
"../../../Engine/Plugins/Interchange/Assets/Content/gltf/MaterialInstances/MI_Unlit_Opaque_DS.uexp" 783
"../../../Engine/Plugins/Interchange/Assets/Content/gltf/MaterialInstances/MI_Unlit_Opaque_DS.uasset" 784
"../../../Engine/Plugins/Interchange/Assets/Content/gltf/MaterialInstances/MI_ClearCoat_Blend.uexp" 785
"../../../Engine/Plugins/Interchange/Assets/Content/gltf/MaterialInstances/MI_ClearCoat_Blend.uasset" 786
"../../../Engine/Plugins/Interchange/Assets/Content/gltf/MaterialInstances/MI_Default_Blend.uasset" 787
"../../../Engine/Plugins/Interchange/Assets/Content/gltf/MaterialInstances/MI_Default_Blend.uexp" 788
"../../../Engine/Plugins/Interchange/Assets/Content/gltf/MaterialInstances/MI_Default_Opaque.uexp" 789
"../../../Engine/Plugins/Interchange/Assets/Content/gltf/MaterialInstances/MI_Default_Opaque.uasset" 790
"../../../Engine/Plugins/Interchange/Assets/Content/gltf/MaterialInstances/MI_Default_Blend_DS.uexp" 791
"../../../Engine/Plugins/Interchange/Assets/Content/gltf/MaterialInstances/MI_Default_Blend_DS.uasset" 792
"../../../Engine/Plugins/Interchange/Assets/Content/gltf/MaterialInstances/MI_SpecularGlossiness_Blend.uasset" 793
"../../../Engine/Plugins/Interchange/Assets/Content/gltf/MaterialInstances/MI_SpecularGlossiness_Blend.uexp" 794
"../../../Engine/Plugins/Interchange/Assets/Content/gltf/MaterialInstances/MI_ClearCoat_Opaque_DS.uexp" 795
"../../../Engine/Plugins/Interchange/Assets/Content/gltf/MaterialInstances/MI_ClearCoat_Opaque_DS.uasset" 796
"../../../Engine/Plugins/Interchange/Assets/Content/gltf/MaterialInstances/MI_Sheen_Blend.uexp" 797
"../../../Engine/Plugins/Interchange/Assets/Content/gltf/MaterialInstances/MI_Sheen_Blend.uasset" 798
"../../../Engine/Plugins/Interchange/Assets/Content/gltf/MaterialInstances/MI_SpecularGlossiness_Blend_DS.uasset" 799
"../../../Engine/Plugins/Interchange/Assets/Content/gltf/MaterialInstances/MI_SpecularGlossiness_Blend_DS.uexp" 800
"../../../Engine/Plugins/Interchange/Assets/Content/gltf/MaterialInstances/MI_Default_Mask.uasset" 801
"../../../Engine/Plugins/Interchange/Assets/Content/gltf/MaterialInstances/MI_Default_Mask.uexp" 802
"../../../Engine/Content/EngineMaterials/Substrate/Volume/SubstrateSimpleVolumeEnvLUT3D.uexp" 803
"../../../Engine/Content/EngineMaterials/Substrate/Volume/SubstrateSimpleVolumeEnvLUT3D.uasset" 804
"../../../Engine/Content/EngineMaterials/Substrate/Volume/SubstrateSimpleVolumeLUT3D.uasset" 805
"../../../Engine/Content/EngineMaterials/Substrate/Volume/SubstrateSimpleVolumeLUT3D.uexp" 806
"../../../Engine/Plugins/Animation/DeformerGraph/Content/DeformerFunctions/DG_Function_LinearBlendSkin_Morph_Cloth.uexp" 807
"../../../Engine/Plugins/Animation/DeformerGraph/Content/DeformerFunctions/DG_Function_LinearBlendSkin_Morph_Cloth.uasset" 808
"../../../Engine/Plugins/Animation/DeformerGraph/Content/Deformers/DG_LinearBlendSkin_Morph_Cloth.uasset" 809
"../../../Engine/Plugins/Animation/DeformerGraph/Content/Deformers/DG_LinearBlendSkin_Morph_Cloth.uexp" 810
"../../../Engine/Plugins/Animation/DeformerGraph/Content/DeformerFunctions/DG_Function_ComputeNormalsTangents.uexp" 811
"../../../Engine/Plugins/Animation/DeformerGraph/Content/DeformerFunctions/DG_Function_ComputeNormalsTangents.uasset" 812
"../../../Engine/Plugins/Animation/DeformerGraph/Content/DeformerFunctions/DG_Function_LinearBlendSkin_Morph_Cloth_PositionOnly.uexp" 813
"../../../Engine/Plugins/Animation/DeformerGraph/Content/DeformerFunctions/DG_Function_LinearBlendSkin_Morph_Cloth_PositionOnly.uasset" 814
"../../../Engine/Plugins/Animation/DeformerGraph/Content/Deformers/DG_LinearBlendSkin_Morph_Cloth_RecomputeNormals.uasset" 815
"../../../Engine/Plugins/Animation/DeformerGraph/Content/Deformers/DG_LinearBlendSkin_Morph_Cloth_RecomputeNormals.uexp" 816
"/Users/2fgamestudio/Desktop/Birders Project/TestVoice/Content/Test_Main_BuiltData.uasset" 817
"/Users/2fgamestudio/Desktop/Birders Project/TestVoice/Content/Test_Main_BuiltData.uexp" 818
"/Users/2fgamestudio/Desktop/Birders Project/TestVoice/Content/Paund.uasset" 819
"/Users/2fgamestudio/Desktop/Birders Project/TestVoice/Content/Paund.uexp" 820
"/Users/2fgamestudio/Desktop/Birders Project/TestVoice/Content/Paund.ubulk" 821
"/Users/2fgamestudio/Desktop/Birders Project/TestVoice/Content/E_Logs.uasset" 822
"/Users/2fgamestudio/Desktop/Birders Project/TestVoice/Content/E_Logs.uexp" 823
"/Users/2fgamestudio/Desktop/Birders Project/TestVoice/Content/Nexa-Heavy.ufont" 824
"/Users/2fgamestudio/Desktop/Birders Project/TestVoice/Content/Nexa-Heavy.uasset" 825
"/Users/2fgamestudio/Desktop/Birders Project/TestVoice/Content/Nexa-Heavy.uexp" 826
"/Users/2fgamestudio/Desktop/Birders Project/TestVoice/Content/Nexa-Heavy_Font.uasset" 827
"/Users/2fgamestudio/Desktop/Birders Project/TestVoice/Content/Nexa-Heavy_Font.uexp" 828
"/Users/2fgamestudio/Desktop/Birders Project/TestVoice/Content/DT_Text.uasset" 829
"/Users/2fgamestudio/Desktop/Birders Project/TestVoice/Content/DT_Text.uexp" 830
"/Users/2fgamestudio/Desktop/Birders Project/TestVoice/Content/TEST_HUD.uasset" 831
"/Users/2fgamestudio/Desktop/Birders Project/TestVoice/Content/TEST_HUD.uexp" 832
"../../../Engine/Content/EngineSky/M_SimpleSkyDome.uasset" 833
"../../../Engine/Content/EngineSky/M_SimpleSkyDome.uexp" 834
"../../../Engine/Content/EngineSky/T_Sky_Blue.uasset" 835
"../../../Engine/Content/EngineSky/T_Sky_Blue.uexp" 836
"../../../Engine/Content/EngineSky/T_Sky_Blue.ubulk" 837
"../../../Engine/Content/EngineSky/T_Sky_Clouds_M.ubulk" 838
"../../../Engine/Content/EngineSky/T_Sky_Clouds_M.uasset" 839
"../../../Engine/Content/EngineSky/T_Sky_Clouds_M.uexp" 840
"../../../Engine/Content/EngineSky/T_Sky_Stars.uasset" 841
"../../../Engine/Content/EngineSky/T_Sky_Stars.ubulk" 842
"../../../Engine/Content/EngineSky/T_Sky_Stars.uexp" 843
"../../../Engine/Content/EngineSky/M_Sky_Panning_Clouds2.uexp" 844
"../../../Engine/Content/EngineSky/M_Sky_Panning_Clouds2.uasset" 845
"../../../Engine/Content/EngineSky/SM_SkySphere.uasset" 846
"../../../Engine/Content/EngineSky/SM_SkySphere.uexp" 847
"../../../Engine/Content/EngineSky/VolumetricClouds/VT_PerlinWorley_Balanced.uexp" 848
"../../../Engine/Content/EngineSky/VolumetricClouds/VT_PerlinWorley_Balanced.uasset" 849
"../../../Engine/Content/EngineSky/VolumetricClouds/T_CloudPattern.ubulk" 850
"../../../Engine/Content/EngineSky/VolumetricClouds/T_CloudPattern.uexp" 851
"../../../Engine/Content/EngineSky/VolumetricClouds/T_CloudPattern.uasset" 852
"../../../Engine/Content/Functions/Engine_MaterialFunctions02/Utility/BreakOutFloat4Components.uasset" 853
"../../../Engine/Content/Functions/Engine_MaterialFunctions02/Utility/BreakOutFloat4Components.uexp" 854
"../../../Engine/Content/Functions/Engine_MaterialFunctions02/Utility/MakeFloat4.uexp" 855
"../../../Engine/Content/Functions/Engine_MaterialFunctions02/Utility/MakeFloat4.uasset" 856
"../../../Engine/Content/Functions/Engine_MaterialFunctions01/Units/Km-to-Cm.uasset" 857
"../../../Engine/Content/Functions/Engine_MaterialFunctions01/Units/Km-to-Cm.uexp" 858
"../../../Engine/Content/EngineSky/VolumetricClouds/VT_Lightning.uexp" 859
"../../../Engine/Content/EngineSky/VolumetricClouds/VT_Lightning.uasset" 860
"../../../Engine/Content/EngineResources/DefaultVolumeTexture2D.uexp" 861
"../../../Engine/Content/EngineResources/DefaultVolumeTexture2D.uasset" 862
"../../../Engine/Content/EngineResources/DefaultVolumeTexture.uexp" 863
"../../../Engine/Content/EngineResources/DefaultVolumeTexture.uasset" 864
"../../../Engine/Content/EngineSky/VolumetricClouds/m_SimpleVolumetricCloud.uasset" 865
"../../../Engine/Content/EngineSky/VolumetricClouds/m_SimpleVolumetricCloud.uexp" 866
"../../../Engine/Content/EngineSky/VolumetricClouds/T_CloudMask.uasset" 867
"../../../Engine/Content/EngineSky/VolumetricClouds/T_CloudMask.uexp" 868
"../../../Engine/Content/EngineSky/VolumetricClouds/T_CloudMask.ubulk" 869
"../../../Engine/Content/EngineSky/VolumetricClouds/T_Profile_08.uasset" 870
"../../../Engine/Content/EngineSky/VolumetricClouds/T_Profile_08.uexp" 871
"../../../Engine/Content/EngineSky/VolumetricClouds/T_Profile_08.ubulk" 872
"../../../Engine/Content/EngineSky/VolumetricClouds/m_SimpleVolumetricCloud_Inst.uexp" 873
"../../../Engine/Content/EngineSky/VolumetricClouds/m_SimpleVolumetricCloud_Inst.uasset" 874
"../../../Engine/Content/MapTemplates/SM_Template_Map_Floor.uasset" 875
"../../../Engine/Content/MapTemplates/SM_Template_Map_Floor.uexp" 876
"../../../Engine/Content/EngineMaterials/BlendFunc_DefBase.uasset" 877
"../../../Engine/Content/EngineMaterials/BlendFunc_DefBase.uexp" 878
"../../../Engine/Content/EngineMaterials/BlendFunc_DefBlend.uexp" 879
"../../../Engine/Content/EngineMaterials/BlendFunc_DefBlend.uasset" 880
"../../../Engine/Content/Functions/Engine_MaterialFunctions01/Gradient/LinearGradient.uasset" 881
"../../../Engine/Content/Functions/Engine_MaterialFunctions01/Gradient/LinearGradient.uexp" 882
"../../../Engine/Content/Functions/Engine_MaterialFunctions03/Blends/Blend_Overlay.uasset" 883
"../../../Engine/Content/Functions/Engine_MaterialFunctions03/Blends/Blend_Overlay.uexp" 884
"../../../Engine/Content/Functions/Engine_MaterialFunctions01/ImageAdjustment/CheapContrast.uasset" 885
"../../../Engine/Content/Functions/Engine_MaterialFunctions01/ImageAdjustment/CheapContrast.uexp" 886
"../../../Engine/Content/OpenWorldTemplate/LandscapeMaterial/T_GridChecker_A.uasset" 887
"../../../Engine/Content/OpenWorldTemplate/LandscapeMaterial/T_GridChecker_A.uexp" 888
"../../../Engine/Content/OpenWorldTemplate/LandscapeMaterial/T_GridChecker_A.ubulk" 889
"../../../Engine/Content/OpenWorldTemplate/LandscapeMaterial/MF_ProcGrid.uexp" 890
"../../../Engine/Content/OpenWorldTemplate/LandscapeMaterial/MF_ProcGrid.uasset" 891
"../../../Engine/Content/OpenWorldTemplate/LandscapeMaterial/M_ProcGrid.uexp" 892
"../../../Engine/Content/OpenWorldTemplate/LandscapeMaterial/M_ProcGrid.uasset" 893
"../../../Engine/Content/OpenWorldTemplate/LandscapeMaterial/MI_ProcGrid.uexp" 894
"../../../Engine/Content/OpenWorldTemplate/LandscapeMaterial/MI_ProcGrid.uasset" 895
"/Users/2fgamestudio/Desktop/Birders Project/TestVoice/Content/Test_Main.uexp" 896
"/Users/2fgamestudio/Desktop/Birders Project/TestVoice/Content/Test_Main.umap" 897
"../../../Engine/Content/Maps/Entry_BuiltData.uexp" 898
"../../../Engine/Content/Maps/Entry_BuiltData.uasset" 899
"../../../Engine/Content/Maps/Entry.umap" 900
"../../../Engine/Content/Maps/Entry.uexp" 901
